[ 12%] [34m[1mPerforming download step (git clone) for 'opengv_src'[0m
Cloning into 'opengv_src'...
Already on 'master'
Your branch is up to date with 'origin/master'.
Submodule 'python/pybind11' (https://github.com/pybind/pybind11.git) registered for path 'python/pybind11'
Cloning into '/home/cohrint/kimera-docker/catkin_ws/build/opengv_catkin/opengv_src-prefix/src/opengv_src/python/pybind11'...
Submodule path 'python/pybind11': checked out '9a19306fbf30642ca331d0ec88e7da54a96860f9'
Submodule 'tools/clang' (https://github.com/wjakob/clang-cindex-python3) registered for path 'python/pybind11/tools/clang'
Cloning into '/home/cohrint/kimera-docker/catkin_ws/build/opengv_catkin/opengv_src-prefix/src/opengv_src/python/pybind11/tools/clang'...
Submodule path 'python/pybind11/tools/clang': checked out '6a00cbc4a9b8e68b71caf7f774b3f9c753ae84d5'
[ 37%] [34m[1mNo patch step for 'opengv_src'[0m
[ 37%] [34m[1mNo update step for 'opengv_src'[0m
[ 50%] [34m[1mPerforming configure step for 'opengv_src'[0m
-- The CXX compiler identification is GNU 9.4.0
-- Check for working CXX compiler: /usr/bin/c++
-- Check for working CXX compiler: /usr/bin/c++ -- works
-- Detecting CXX compiler ABI info
-- Detecting CXX compiler ABI info - done
-- Detecting CXX compile features
-- Detecting CXX compile features - done
-- Found Eigen: /usr/include/eigen3 (Required is at least version "2.91.0") 
-- Configuring done
-- Generating done
-- Build files have been written to: /home/cohrint/kimera-docker/catkin_ws/build/opengv_catkin/opengv_src-prefix/src/opengv_src
[ 62%] [34m[1mPerforming build step for 'opengv_src'[0m
make[3]: warning: -j8 forced in submake: resetting jobserver mode.
[35m[1mScanning dependencies of target opengv[0m
[  0%] [32mBuilding CXX object CMakeFiles/opengv.dir/src/absolute_pose/modules/main.cpp.o[0m
[  1%] [32mBuilding CXX object CMakeFiles/opengv.dir/src/absolute_pose/modules/gp3p/init.cpp.o[0m
[  2%] [32mBuilding CXX object CMakeFiles/opengv.dir/src/absolute_pose/modules/gp3p/reductors.cpp.o[0m
[  3%] [32mBuilding CXX object CMakeFiles/opengv.dir/src/absolute_pose/modules/gp3p/code.cpp.o[0m
[  4%] [32mBuilding CXX object CMakeFiles/opengv.dir/src/absolute_pose/modules/gp3p/spolynomials.cpp.o[0m
[  5%] [32mBuilding CXX object CMakeFiles/opengv.dir/src/absolute_pose/modules/Epnp.cpp.o[0m
[  7%] [32mBuilding CXX object CMakeFiles/opengv.dir/src/absolute_pose/modules/gpnp1/init.cpp.o[0m
[  7%] [32mBuilding CXX object CMakeFiles/opengv.dir/src/absolute_pose/modules/gpnp1/code.cpp.o[0m
[  7%] [32mBuilding CXX object CMakeFiles/opengv.dir/src/absolute_pose/modules/gpnp1/reductors.cpp.o[0m
[  8%] [32mBuilding CXX object CMakeFiles/opengv.dir/src/absolute_pose/modules/gpnp1/spolynomials.cpp.o[0m
[  9%] [32mBuilding CXX object CMakeFiles/opengv.dir/src/absolute_pose/modules/gpnp2/code.cpp.o[0m
[ 10%] [32mBuilding CXX object CMakeFiles/opengv.dir/src/absolute_pose/modules/gpnp2/init.cpp.o[0m
[ 11%] [32mBuilding CXX object CMakeFiles/opengv.dir/src/absolute_pose/modules/gpnp2/reductors.cpp.o[0m
[ 12%] [32mBuilding CXX object CMakeFiles/opengv.dir/src/absolute_pose/modules/gpnp2/spolynomials.cpp.o[0m
[ 13%] [32mBuilding CXX object CMakeFiles/opengv.dir/src/absolute_pose/modules/gpnp3/code.cpp.o[0m
[ 14%] [32mBuilding CXX object CMakeFiles/opengv.dir/src/absolute_pose/modules/gpnp3/init.cpp.o[0m
[ 14%] [32mBuilding CXX object CMakeFiles/opengv.dir/src/absolute_pose/modules/gpnp3/reductors.cpp.o[0m
[ 15%] [32mBuilding CXX object CMakeFiles/opengv.dir/src/absolute_pose/modules/gpnp3/spolynomials.cpp.o[0m
[ 16%] [32mBuilding CXX object CMakeFiles/opengv.dir/src/absolute_pose/modules/gpnp4/code.cpp.o[0m
[ 17%] [32mBuilding CXX object CMakeFiles/opengv.dir/src/absolute_pose/modules/gpnp4/init.cpp.o[0m
[ 18%] [32mBuilding CXX object CMakeFiles/opengv.dir/src/absolute_pose/modules/gpnp4/reductors.cpp.o[0m
[ 19%] [32mBuilding CXX object CMakeFiles/opengv.dir/src/absolute_pose/modules/gpnp4/spolynomials.cpp.o[0m
[ 20%] [32mBuilding CXX object CMakeFiles/opengv.dir/src/absolute_pose/modules/gpnp5/code.cpp.o[0m
[ 21%] [32mBuilding CXX object CMakeFiles/opengv.dir/src/absolute_pose/modules/gpnp5/init.cpp.o[0m
[ 21%] [32mBuilding CXX object CMakeFiles/opengv.dir/src/absolute_pose/modules/gpnp5/reductors.cpp.o[0m
[ 22%] [32mBuilding CXX object CMakeFiles/opengv.dir/src/absolute_pose/modules/gpnp5/spolynomials.cpp.o[0m
[ 23%] [32mBuilding CXX object CMakeFiles/opengv.dir/src/absolute_pose/modules/upnp2.cpp.o[0m
[ 24%] [32mBuilding CXX object CMakeFiles/opengv.dir/src/absolute_pose/modules/upnp4.cpp.o[0m
[ 25%] [32mBuilding CXX object CMakeFiles/opengv.dir/src/relative_pose/modules/main.cpp.o[0m
[ 26%] [32mBuilding CXX object CMakeFiles/opengv.dir/src/relative_pose/modules/fivept_nister/modules.cpp.o[0m
[ 27%] [32mBuilding CXX object CMakeFiles/opengv.dir/src/relative_pose/modules/fivept_stewenius/modules.cpp.o[0m
[ 28%] [32mBuilding CXX object CMakeFiles/opengv.dir/src/relative_pose/modules/fivept_kneip/code.cpp.o[0m
[ 28%] [32mBuilding CXX object CMakeFiles/opengv.dir/src/relative_pose/modules/fivept_kneip/init.cpp.o[0m
[ 29%] [32mBuilding CXX object CMakeFiles/opengv.dir/src/relative_pose/modules/fivept_kneip/reductors.cpp.o[0m
[ 30%] [32mBuilding CXX object CMakeFiles/opengv.dir/src/relative_pose/modules/fivept_kneip/spolynomials.cpp.o[0m
[ 31%] [32mBuilding CXX object CMakeFiles/opengv.dir/src/relative_pose/modules/sixpt/modules2.cpp.o[0m
[ 32%] [32mBuilding CXX object CMakeFiles/opengv.dir/src/relative_pose/modules/eigensolver/modules.cpp.o[0m
[ 33%] [32mBuilding CXX object CMakeFiles/opengv.dir/src/relative_pose/modules/ge/modules.cpp.o[0m
[ 34%] [32mBuilding CXX object CMakeFiles/opengv.dir/src/math/cayley.cpp.o[0m
[ 35%] [32mBuilding CXX object CMakeFiles/opengv.dir/src/math/quaternion.cpp.o[0m
[ 35%] [32mBuilding CXX object CMakeFiles/opengv.dir/src/math/arun.cpp.o[0m
[ 36%] [32mBuilding CXX object CMakeFiles/opengv.dir/src/math/Sturm.cpp.o[0m
[ 37%] [32mBuilding CXX object CMakeFiles/opengv.dir/src/math/roots.cpp.o[0m
[ 38%] [32mBuilding CXX object CMakeFiles/opengv.dir/src/math/gauss_jordan.cpp.o[0m
[ 39%] [32mBuilding CXX object CMakeFiles/opengv.dir/src/absolute_pose/methods.cpp.o[0m
[ 40%] [32mBuilding CXX object CMakeFiles/opengv.dir/src/absolute_pose/CentralAbsoluteAdapter.cpp.o[0m
[ 41%] [32mBuilding CXX object CMakeFiles/opengv.dir/src/absolute_pose/NoncentralAbsoluteAdapter.cpp.o[0m
[ 42%] [32mBuilding CXX object CMakeFiles/opengv.dir/src/absolute_pose/NoncentralAbsoluteMultiAdapter.cpp.o[0m
[ 42%] [32mBuilding CXX object CMakeFiles/opengv.dir/src/relative_pose/methods.cpp.o[0m
[ 43%] [32mBuilding CXX object CMakeFiles/opengv.dir/src/relative_pose/CentralRelativeAdapter.cpp.o[0m
[ 44%] [32mBuilding CXX object CMakeFiles/opengv.dir/src/relative_pose/CentralRelativeWeightingAdapter.cpp.o[0m
[ 45%] [32mBuilding CXX object CMakeFiles/opengv.dir/src/relative_pose/NoncentralRelativeAdapter.cpp.o[0m
[ 46%] [32mBuilding CXX object CMakeFiles/opengv.dir/src/relative_pose/CentralRelativeMultiAdapter.cpp.o[0m
[ 47%] [32mBuilding CXX object CMakeFiles/opengv.dir/src/relative_pose/NoncentralRelativeMultiAdapter.cpp.o[0m
[ 48%] [32mBuilding CXX object CMakeFiles/opengv.dir/src/triangulation/methods.cpp.o[0m
[ 49%] [32mBuilding CXX object CMakeFiles/opengv.dir/src/point_cloud/methods.cpp.o[0m
[ 50%] [32mBuilding CXX object CMakeFiles/opengv.dir/src/point_cloud/PointCloudAdapter.cpp.o[0m
[ 50%] [32mBuilding CXX object CMakeFiles/opengv.dir/src/sac_problems/absolute_pose/AbsolutePoseSacProblem.cpp.o[0m
[ 51%] [32mBuilding CXX object CMakeFiles/opengv.dir/src/sac_problems/absolute_pose/MultiNoncentralAbsolutePoseSacProblem.cpp.o[0m
[ 52%] [32mBuilding CXX object CMakeFiles/opengv.dir/src/sac_problems/relative_pose/CentralRelativePoseSacProblem.cpp.o[0m
[ 53%] [32mBuilding CXX object CMakeFiles/opengv.dir/src/sac_problems/relative_pose/NoncentralRelativePoseSacProblem.cpp.o[0m
[ 54%] [32mBuilding CXX object CMakeFiles/opengv.dir/src/sac_problems/relative_pose/RotationOnlySacProblem.cpp.o[0m
[ 55%] [32mBuilding CXX object CMakeFiles/opengv.dir/src/sac_problems/relative_pose/TranslationOnlySacProblem.cpp.o[0m
[ 56%] [32mBuilding CXX object CMakeFiles/opengv.dir/src/sac_problems/relative_pose/EigensolverSacProblem.cpp.o[0m
[ 57%] [32mBuilding CXX object CMakeFiles/opengv.dir/src/sac_problems/relative_pose/MultiCentralRelativePoseSacProblem.cpp.o[0m
[ 57%] [32mBuilding CXX object CMakeFiles/opengv.dir/src/sac_problems/relative_pose/MultiNoncentralRelativePoseSacProblem.cpp.o[0m
[ 58%] [32mBuilding CXX object CMakeFiles/opengv.dir/src/sac_problems/point_cloud/PointCloudSacProblem.cpp.o[0m
[ 59%] [32mBuilding CXX object CMakeFiles/opengv.dir/src/absolute_pose/MACentralAbsolute.cpp.o[0m
[ 60%] [32mBuilding CXX object CMakeFiles/opengv.dir/src/absolute_pose/MANoncentralAbsolute.cpp.o[0m
[ 61%] [32mBuilding CXX object CMakeFiles/opengv.dir/src/relative_pose/MACentralRelative.cpp.o[0m
[ 62%] [32mBuilding CXX object CMakeFiles/opengv.dir/src/relative_pose/MANoncentralRelative.cpp.o[0m
[ 63%] [32mBuilding CXX object CMakeFiles/opengv.dir/src/relative_pose/MANoncentralRelativeMulti.cpp.o[0m
[ 64%] [32mBuilding CXX object CMakeFiles/opengv.dir/src/point_cloud/MAPointCloud.cpp.o[0m
[ 64%] [32m[1mLinking CXX static library lib/libopengv.a[0m
[ 64%] Built target opengv
[35m[1mScanning dependencies of target random_generators[0m
[ 65%] [32mBuilding CXX object CMakeFiles/random_generators.dir/test/random_generators.cpp.o[0m
[ 66%] [32mBuilding CXX object CMakeFiles/random_generators.dir/test/time_measurement.cpp.o[0m
[ 67%] [32mBuilding CXX object CMakeFiles/random_generators.dir/test/experiment_helpers.cpp.o[0m
[ 68%] [32m[1mLinking CXX static library lib/librandom_generators.a[0m
[ 68%] Built target random_generators
[35m[1mScanning dependencies of target test_Sturm[0m
[35m[1mScanning dependencies of target test_point_cloud_sac[0m
[35m[1mScanning dependencies of target test_eigensolver_sac[0m
[35m[1mScanning dependencies of target test_triangulation[0m
[35m[1mScanning dependencies of target test_point_cloud[0m
[35m[1mScanning dependencies of target test_multi_noncentral_relative_pose_sac[0m
[35m[1mScanning dependencies of target test_relative_pose_rotationOnly_sac[0m
[35m[1mScanning dependencies of target test_noncentral_absolute_pose_sac[0m
[ 69%] [32mBuilding CXX object CMakeFiles/test_Sturm.dir/test/test_Sturm.cpp.o[0m
[ 70%] [32mBuilding CXX object CMakeFiles/test_point_cloud.dir/test/test_point_cloud.cpp.o[0m
[ 71%] [32mBuilding CXX object CMakeFiles/test_point_cloud_sac.dir/test/test_point_cloud_sac.cpp.o[0m
[ 72%] [32mBuilding CXX object CMakeFiles/test_eigensolver_sac.dir/test/test_eigensolver_sac.cpp.o[0m
[ 73%] [32mBuilding CXX object CMakeFiles/test_noncentral_absolute_pose_sac.dir/test/test_noncentral_absolute_pose_sac.cpp.o[0m
[ 74%] [32mBuilding CXX object CMakeFiles/test_triangulation.dir/test/test_triangulation.cpp.o[0m
[ 75%] [32mBuilding CXX object CMakeFiles/test_multi_noncentral_relative_pose_sac.dir/test/test_multi_noncentral_relative_pose_sac.cpp.o[0m
[ 76%] [32mBuilding CXX object CMakeFiles/test_relative_pose_rotationOnly_sac.dir/test/test_relative_pose_rotationOnly_sac.cpp.o[0m
[ 77%] [32m[1mLinking CXX executable bin/test_Sturm[0m
[ 77%] Built target test_Sturm
[35m[1mScanning dependencies of target test_absolute_pose[0m
[ 78%] [32mBuilding CXX object CMakeFiles/test_absolute_pose.dir/test/test_absolute_pose.cpp.o[0m
[ 79%] [32m[1mLinking CXX executable bin/test_triangulation[0m
[ 80%] [32m[1mLinking CXX executable bin/test_point_cloud[0m
[ 80%] Built target test_triangulation
[35m[1mScanning dependencies of target test_absolute_pose_sac[0m
[ 80%] Built target test_point_cloud
[35m[1mScanning dependencies of target test_noncentral_absolute_pose[0m
[ 81%] [32mBuilding CXX object CMakeFiles/test_absolute_pose_sac.dir/test/test_absolute_pose_sac.cpp.o[0m
[ 82%] [32mBuilding CXX object CMakeFiles/test_noncentral_absolute_pose.dir/test/test_noncentral_absolute_pose.cpp.o[0m
[ 83%] [32m[1mLinking CXX executable bin/test_relative_pose_rotationOnly_sac[0m
[ 85%] [32m[1mLinking CXX executable bin/test_eigensolver_sac[0m
[ 85%] [32m[1mLinking CXX executable bin/test_point_cloud_sac[0m
[ 85%] Built target test_relative_pose_rotationOnly_sac
[ 85%] Built target test_point_cloud_sac
[35m[1mScanning dependencies of target test_multi_noncentral_absolute_pose_sac[0m
[35m[1mScanning dependencies of target test_eigensolver[0m
[ 86%] [32m[1mLinking CXX executable bin/test_noncentral_absolute_pose_sac[0m
[ 86%] Built target test_eigensolver_sac
[ 87%] [32mBuilding CXX object CMakeFiles/test_eigensolver.dir/test/test_eigensolver.cpp.o[0m
[35m[1mScanning dependencies of target test_relative_pose_rotationOnly[0m
[ 88%] [32mBuilding CXX object CMakeFiles/test_multi_noncentral_absolute_pose_sac.dir/test/test_multi_noncentral_absolute_pose_sac.cpp.o[0m
[ 89%] [32mBuilding CXX object CMakeFiles/test_relative_pose_rotationOnly.dir/test/test_relative_pose_rotationOnly.cpp.o[0m
[ 90%] [32m[1mLinking CXX executable bin/test_multi_noncentral_relative_pose_sac[0m
[ 90%] Built target test_noncentral_absolute_pose_sac
[35m[1mScanning dependencies of target test_relative_pose[0m
[ 91%] [32mBuilding CXX object CMakeFiles/test_relative_pose.dir/test/test_relative_pose.cpp.o[0m
[ 91%] Built target test_multi_noncentral_relative_pose_sac
[35m[1mScanning dependencies of target test_relative_pose_sac[0m
[ 92%] [32mBuilding CXX object CMakeFiles/test_relative_pose_sac.dir/test/test_relative_pose_sac.cpp.o[0m
[ 92%] [32m[1mLinking CXX executable bin/test_absolute_pose[0m
[ 92%] Built target test_absolute_pose
[35m[1mScanning dependencies of target test_noncentral_relative_pose_sac[0m
[ 93%] [32m[1mLinking CXX executable bin/test_noncentral_absolute_pose[0m
[ 94%] [32mBuilding CXX object CMakeFiles/test_noncentral_relative_pose_sac.dir/test/test_noncentral_relative_pose_sac.cpp.o[0m
[ 94%] Built target test_noncentral_absolute_pose
[35m[1mScanning dependencies of target test_noncentral_relative_pose[0m
[ 95%] [32mBuilding CXX object CMakeFiles/test_noncentral_relative_pose.dir/test/test_noncentral_relative_pose.cpp.o[0m
[ 96%] [32m[1mLinking CXX executable bin/test_absolute_pose_sac[0m
[ 96%] Built target test_absolute_pose_sac
[ 97%] [32m[1mLinking CXX executable bin/test_relative_pose_rotationOnly[0m
[ 97%] Built target test_relative_pose_rotationOnly
[ 98%] [32m[1mLinking CXX executable bin/test_eigensolver[0m
[ 98%] [32m[1mLinking CXX executable bin/test_relative_pose[0m
[ 98%] Built target test_eigensolver
[ 98%] Built target test_relative_pose
[ 98%] [32m[1mLinking CXX executable bin/test_multi_noncentral_absolute_pose_sac[0m
[ 98%] Built target test_multi_noncentral_absolute_pose_sac
[ 99%] [32m[1mLinking CXX executable bin/test_relative_pose_sac[0m
[ 99%] Built target test_relative_pose_sac
[ 99%] [32m[1mLinking CXX executable bin/test_noncentral_relative_pose[0m
[ 99%] Built target test_noncentral_relative_pose
[100%] [32m[1mLinking CXX executable bin/test_noncentral_relative_pose_sac[0m
[100%] Built target test_noncentral_relative_pose_sac
[ 75%] [34m[1mPerforming install step for 'opengv_src'[0m
make[3]: warning: jobserver unavailable: using -j1.  Add '+' to parent make rule.
[ 64%] Built target opengv
[ 68%] Built target random_generators
[ 70%] Built target test_Sturm
[ 72%] Built target test_point_cloud_sac
[ 74%] Built target test_point_cloud
[ 76%] Built target test_eigensolver_sac
[ 78%] Built target test_triangulation
[ 80%] Built target test_multi_noncentral_relative_pose_sac
[ 82%] Built target test_noncentral_absolute_pose_sac
[ 84%] Built target test_relative_pose_rotationOnly_sac
[ 85%] Built target test_absolute_pose
[ 87%] Built target test_absolute_pose_sac
[ 89%] Built target test_noncentral_absolute_pose
[ 90%] Built target test_multi_noncentral_absolute_pose_sac
[ 92%] Built target test_eigensolver
[ 94%] Built target test_relative_pose_rotationOnly
[ 95%] Built target test_relative_pose
[ 97%] Built target test_relative_pose_sac
[ 99%] Built target test_noncentral_relative_pose_sac
[100%] Built target test_noncentral_relative_pose
[36mInstall the project...[0m
-- Install configuration: "Release"
-- Installing: /home/cohrint/kimera-docker/catkin_ws/devel/.private/opengv_catkin/lib/libopengv.a
-- Installing: /home/cohrint/kimera-docker/catkin_ws/devel/.private/opengv_catkin/lib/cmake/opengv-1.0/opengvConfig.cmake
-- Installing: /home/cohrint/kimera-docker/catkin_ws/devel/.private/opengv_catkin/lib/cmake/opengv-1.0/opengvConfigVersion.cmake
-- Installing: /home/cohrint/kimera-docker/catkin_ws/devel/.private/opengv_catkin/lib/cmake/opengv-1.0/opengvTargets.cmake
-- Installing: /home/cohrint/kimera-docker/catkin_ws/devel/.private/opengv_catkin/lib/cmake/opengv-1.0/opengvTargets-release.cmake
-- Up-to-date: /home/cohrint/kimera-docker/catkin_ws/devel/.private/opengv_catkin/include
-- Installing: /home/cohrint/kimera-docker/catkin_ws/devel/.private/opengv_catkin/include/opengv
-- Installing: /home/cohrint/kimera-docker/catkin_ws/devel/.private/opengv_catkin/include/opengv/math
-- Installing: /home/cohrint/kimera-docker/catkin_ws/devel/.private/opengv_catkin/include/opengv/math/roots.hpp
-- Installing: /home/cohrint/kimera-docker/catkin_ws/devel/.private/opengv_catkin/include/opengv/math/gauss_jordan.hpp
-- Installing: /home/cohrint/kimera-docker/catkin_ws/devel/.private/opengv_catkin/include/opengv/math/cayley.hpp
-- Installing: /home/cohrint/kimera-docker/catkin_ws/devel/.private/opengv_catkin/include/opengv/math/arun.hpp
-- Installing: /home/cohrint/kimera-docker/catkin_ws/devel/.private/opengv_catkin/include/opengv/math/Sturm.hpp
-- Installing: /home/cohrint/kimera-docker/catkin_ws/devel/.private/opengv_catkin/include/opengv/math/quaternion.hpp
-- Installing: /home/cohrint/kimera-docker/catkin_ws/devel/.private/opengv_catkin/include/opengv/sac
-- Installing: /home/cohrint/kimera-docker/catkin_ws/devel/.private/opengv_catkin/include/opengv/sac/MultiSampleConsensus.hpp
-- Installing: /home/cohrint/kimera-docker/catkin_ws/devel/.private/opengv_catkin/include/opengv/sac/MultiSampleConsensusProblem.hpp
-- Installing: /home/cohrint/kimera-docker/catkin_ws/devel/.private/opengv_catkin/include/opengv/sac/SampleConsensus.hpp
-- Installing: /home/cohrint/kimera-docker/catkin_ws/devel/.private/opengv_catkin/include/opengv/sac/MultiRansac.hpp
-- Installing: /home/cohrint/kimera-docker/catkin_ws/devel/.private/opengv_catkin/include/opengv/sac/Lmeds.hpp
-- Installing: /home/cohrint/kimera-docker/catkin_ws/devel/.private/opengv_catkin/include/opengv/sac/SampleConsensusProblem.hpp
-- Installing: /home/cohrint/kimera-docker/catkin_ws/devel/.private/opengv_catkin/include/opengv/sac/Ransac.hpp
-- Installing: /home/cohrint/kimera-docker/catkin_ws/devel/.private/opengv_catkin/include/opengv/sac/implementation
-- Installing: /home/cohrint/kimera-docker/catkin_ws/devel/.private/opengv_catkin/include/opengv/sac/implementation/MultiSampleConsensus.hpp
-- Installing: /home/cohrint/kimera-docker/catkin_ws/devel/.private/opengv_catkin/include/opengv/sac/implementation/MultiSampleConsensusProblem.hpp
-- Installing: /home/cohrint/kimera-docker/catkin_ws/devel/.private/opengv_catkin/include/opengv/sac/implementation/SampleConsensus.hpp
-- Installing: /home/cohrint/kimera-docker/catkin_ws/devel/.private/opengv_catkin/include/opengv/sac/implementation/MultiRansac.hpp
-- Installing: /home/cohrint/kimera-docker/catkin_ws/devel/.private/opengv_catkin/include/opengv/sac/implementation/Lmeds.hpp
-- Installing: /home/cohrint/kimera-docker/catkin_ws/devel/.private/opengv_catkin/include/opengv/sac/implementation/SampleConsensusProblem.hpp
-- Installing: /home/cohrint/kimera-docker/catkin_ws/devel/.private/opengv_catkin/include/opengv/sac/implementation/Ransac.hpp
-- Installing: /home/cohrint/kimera-docker/catkin_ws/devel/.private/opengv_catkin/include/opengv/relative_pose
-- Installing: /home/cohrint/kimera-docker/catkin_ws/devel/.private/opengv_catkin/include/opengv/relative_pose/NoncentralRelativeMultiAdapter.hpp
-- Installing: /home/cohrint/kimera-docker/catkin_ws/devel/.private/opengv_catkin/include/opengv/relative_pose/CentralRelativeWeightingAdapter.hpp
-- Installing: /home/cohrint/kimera-docker/catkin_ws/devel/.private/opengv_catkin/include/opengv/relative_pose/RelativeAdapterBase.hpp
-- Installing: /home/cohrint/kimera-docker/catkin_ws/devel/.private/opengv_catkin/include/opengv/relative_pose/MANoncentralRelativeMulti.hpp
-- Installing: /home/cohrint/kimera-docker/catkin_ws/devel/.private/opengv_catkin/include/opengv/relative_pose/CentralRelativeAdapter.hpp
-- Installing: /home/cohrint/kimera-docker/catkin_ws/devel/.private/opengv_catkin/include/opengv/relative_pose/NoncentralRelativeAdapter.hpp
-- Installing: /home/cohrint/kimera-docker/catkin_ws/devel/.private/opengv_catkin/include/opengv/relative_pose/CentralRelativeMultiAdapter.hpp
-- Installing: /home/cohrint/kimera-docker/catkin_ws/devel/.private/opengv_catkin/include/opengv/relative_pose/MANoncentralRelative.hpp
-- Installing: /home/cohrint/kimera-docker/catkin_ws/devel/.private/opengv_catkin/include/opengv/relative_pose/MACentralRelative.hpp
-- Installing: /home/cohrint/kimera-docker/catkin_ws/devel/.private/opengv_catkin/include/opengv/relative_pose/methods.hpp
-- Installing: /home/cohrint/kimera-docker/catkin_ws/devel/.private/opengv_catkin/include/opengv/relative_pose/modules
-- Installing: /home/cohrint/kimera-docker/catkin_ws/devel/.private/opengv_catkin/include/opengv/relative_pose/modules/fivept_nister
-- Installing: /home/cohrint/kimera-docker/catkin_ws/devel/.private/opengv_catkin/include/opengv/relative_pose/modules/fivept_nister/modules.hpp
-- Installing: /home/cohrint/kimera-docker/catkin_ws/devel/.private/opengv_catkin/include/opengv/relative_pose/modules/fivept_stewenius
-- Installing: /home/cohrint/kimera-docker/catkin_ws/devel/.private/opengv_catkin/include/opengv/relative_pose/modules/fivept_stewenius/modules.hpp
-- Installing: /home/cohrint/kimera-docker/catkin_ws/devel/.private/opengv_catkin/include/opengv/relative_pose/modules/ge
-- Installing: /home/cohrint/kimera-docker/catkin_ws/devel/.private/opengv_catkin/include/opengv/relative_pose/modules/ge/modules.hpp
-- Installing: /home/cohrint/kimera-docker/catkin_ws/devel/.private/opengv_catkin/include/opengv/relative_pose/modules/eigensolver
-- Installing: /home/cohrint/kimera-docker/catkin_ws/devel/.private/opengv_catkin/include/opengv/relative_pose/modules/eigensolver/modules.hpp
-- Installing: /home/cohrint/kimera-docker/catkin_ws/devel/.private/opengv_catkin/include/opengv/relative_pose/modules/sixpt
-- Installing: /home/cohrint/kimera-docker/catkin_ws/devel/.private/opengv_catkin/include/opengv/relative_pose/modules/sixpt/modules.hpp
-- Installing: /home/cohrint/kimera-docker/catkin_ws/devel/.private/opengv_catkin/include/opengv/relative_pose/modules/main.hpp
-- Installing: /home/cohrint/kimera-docker/catkin_ws/devel/.private/opengv_catkin/include/opengv/relative_pose/modules/fivept_kneip
-- Installing: /home/cohrint/kimera-docker/catkin_ws/devel/.private/opengv_catkin/include/opengv/relative_pose/modules/fivept_kneip/modules.hpp
-- Installing: /home/cohrint/kimera-docker/catkin_ws/devel/.private/opengv_catkin/include/opengv/relative_pose/RelativeMultiAdapterBase.hpp
-- Installing: /home/cohrint/kimera-docker/catkin_ws/devel/.private/opengv_catkin/include/opengv/Indices.hpp
-- Installing: /home/cohrint/kimera-docker/catkin_ws/devel/.private/opengv_catkin/include/opengv/absolute_pose
-- Installing: /home/cohrint/kimera-docker/catkin_ws/devel/.private/opengv_catkin/include/opengv/absolute_pose/CentralAbsoluteAdapter.hpp
-- Installing: /home/cohrint/kimera-docker/catkin_ws/devel/.private/opengv_catkin/include/opengv/absolute_pose/MACentralAbsolute.hpp
-- Installing: /home/cohrint/kimera-docker/catkin_ws/devel/.private/opengv_catkin/include/opengv/absolute_pose/MANoncentralAbsolute.hpp
-- Installing: /home/cohrint/kimera-docker/catkin_ws/devel/.private/opengv_catkin/include/opengv/absolute_pose/AbsoluteAdapterBase.hpp
-- Installing: /home/cohrint/kimera-docker/catkin_ws/devel/.private/opengv_catkin/include/opengv/absolute_pose/methods.hpp
-- Installing: /home/cohrint/kimera-docker/catkin_ws/devel/.private/opengv_catkin/include/opengv/absolute_pose/NoncentralAbsoluteAdapter.hpp
-- Installing: /home/cohrint/kimera-docker/catkin_ws/devel/.private/opengv_catkin/include/opengv/absolute_pose/AbsoluteMultiAdapterBase.hpp
-- Installing: /home/cohrint/kimera-docker/catkin_ws/devel/.private/opengv_catkin/include/opengv/absolute_pose/modules
-- Installing: /home/cohrint/kimera-docker/catkin_ws/devel/.private/opengv_catkin/include/opengv/absolute_pose/modules/gp3p
-- Installing: /home/cohrint/kimera-docker/catkin_ws/devel/.private/opengv_catkin/include/opengv/absolute_pose/modules/gp3p/modules.hpp
-- Installing: /home/cohrint/kimera-docker/catkin_ws/devel/.private/opengv_catkin/include/opengv/absolute_pose/modules/gpnp3
-- Installing: /home/cohrint/kimera-docker/catkin_ws/devel/.private/opengv_catkin/include/opengv/absolute_pose/modules/gpnp3/modules.hpp
-- Installing: /home/cohrint/kimera-docker/catkin_ws/devel/.private/opengv_catkin/include/opengv/absolute_pose/modules/Epnp.hpp
-- Installing: /home/cohrint/kimera-docker/catkin_ws/devel/.private/opengv_catkin/include/opengv/absolute_pose/modules/upnp4.hpp
-- Installing: /home/cohrint/kimera-docker/catkin_ws/devel/.private/opengv_catkin/include/opengv/absolute_pose/modules/gpnp5
-- Installing: /home/cohrint/kimera-docker/catkin_ws/devel/.private/opengv_catkin/include/opengv/absolute_pose/modules/gpnp5/modules.hpp
-- Installing: /home/cohrint/kimera-docker/catkin_ws/devel/.private/opengv_catkin/include/opengv/absolute_pose/modules/upnp2.hpp
-- Installing: /home/cohrint/kimera-docker/catkin_ws/devel/.private/opengv_catkin/include/opengv/absolute_pose/modules/gpnp4
-- Installing: /home/cohrint/kimera-docker/catkin_ws/devel/.private/opengv_catkin/include/opengv/absolute_pose/modules/gpnp4/modules.hpp
-- Installing: /home/cohrint/kimera-docker/catkin_ws/devel/.private/opengv_catkin/include/opengv/absolute_pose/modules/gpnp1
-- Installing: /home/cohrint/kimera-docker/catkin_ws/devel/.private/opengv_catkin/include/opengv/absolute_pose/modules/gpnp1/modules.hpp
-- Installing: /home/cohrint/kimera-docker/catkin_ws/devel/.private/opengv_catkin/include/opengv/absolute_pose/modules/main.hpp
-- Installing: /home/cohrint/kimera-docker/catkin_ws/devel/.private/opengv_catkin/include/opengv/absolute_pose/modules/gpnp2
-- Installing: /home/cohrint/kimera-docker/catkin_ws/devel/.private/opengv_catkin/include/opengv/absolute_pose/modules/gpnp2/modules.hpp
-- Installing: /home/cohrint/kimera-docker/catkin_ws/devel/.private/opengv_catkin/include/opengv/absolute_pose/NoncentralAbsoluteMultiAdapter.hpp
-- Installing: /home/cohrint/kimera-docker/catkin_ws/devel/.private/opengv_catkin/include/opengv/point_cloud
-- Installing: /home/cohrint/kimera-docker/catkin_ws/devel/.private/opengv_catkin/include/opengv/point_cloud/MAPointCloud.hpp
-- Installing: /home/cohrint/kimera-docker/catkin_ws/devel/.private/opengv_catkin/include/opengv/point_cloud/PointCloudAdapter.hpp
-- Installing: /home/cohrint/kimera-docker/catkin_ws/devel/.private/opengv_catkin/include/opengv/point_cloud/methods.hpp
-- Installing: /home/cohrint/kimera-docker/catkin_ws/devel/.private/opengv_catkin/include/opengv/point_cloud/PointCloudAdapterBase.hpp
-- Installing: /home/cohrint/kimera-docker/catkin_ws/devel/.private/opengv_catkin/include/opengv/OptimizationFunctor.hpp
-- Installing: /home/cohrint/kimera-docker/catkin_ws/devel/.private/opengv_catkin/include/opengv/sac_problems
-- Installing: /home/cohrint/kimera-docker/catkin_ws/devel/.private/opengv_catkin/include/opengv/sac_problems/relative_pose
-- Installing: /home/cohrint/kimera-docker/catkin_ws/devel/.private/opengv_catkin/include/opengv/sac_problems/relative_pose/MultiCentralRelativePoseSacProblem.hpp
-- Installing: /home/cohrint/kimera-docker/catkin_ws/devel/.private/opengv_catkin/include/opengv/sac_problems/relative_pose/TranslationOnlySacProblem.hpp
-- Installing: /home/cohrint/kimera-docker/catkin_ws/devel/.private/opengv_catkin/include/opengv/sac_problems/relative_pose/EigensolverSacProblem.hpp
-- Installing: /home/cohrint/kimera-docker/catkin_ws/devel/.private/opengv_catkin/include/opengv/sac_problems/relative_pose/MultiNoncentralRelativePoseSacProblem.hpp
-- Installing: /home/cohrint/kimera-docker/catkin_ws/devel/.private/opengv_catkin/include/opengv/sac_problems/relative_pose/NoncentralRelativePoseSacProblem.hpp
-- Installing: /home/cohrint/kimera-docker/catkin_ws/devel/.private/opengv_catkin/include/opengv/sac_problems/relative_pose/CentralRelativePoseSacProblem.hpp
-- Installing: /home/cohrint/kimera-docker/catkin_ws/devel/.private/opengv_catkin/include/opengv/sac_problems/relative_pose/RotationOnlySacProblem.hpp
-- Installing: /home/cohrint/kimera-docker/catkin_ws/devel/.private/opengv_catkin/include/opengv/sac_problems/absolute_pose
-- Installing: /home/cohrint/kimera-docker/catkin_ws/devel/.private/opengv_catkin/include/opengv/sac_problems/absolute_pose/MultiNoncentralAbsolutePoseSacProblem.hpp
-- Installing: /home/cohrint/kimera-docker/catkin_ws/devel/.private/opengv_catkin/include/opengv/sac_problems/absolute_pose/AbsolutePoseSacProblem.hpp
-- Installing: /home/cohrint/kimera-docker/catkin_ws/devel/.private/opengv_catkin/include/opengv/sac_problems/point_cloud
-- Installing: /home/cohrint/kimera-docker/catkin_ws/devel/.private/opengv_catkin/include/opengv/sac_problems/point_cloud/PointCloudSacProblem.hpp
-- Installing: /home/cohrint/kimera-docker/catkin_ws/devel/.private/opengv_catkin/include/opengv/triangulation
-- Installing: /home/cohrint/kimera-docker/catkin_ws/devel/.private/opengv_catkin/include/opengv/triangulation/methods.hpp
-- Installing: /home/cohrint/kimera-docker/catkin_ws/devel/.private/opengv_catkin/include/opengv/types.hpp
[ 87%] [34m[1mCompleted 'opengv_src'[0m
[100%] Built target opengv_src
