Symlinking /home/cohrint/kimera-docker/catkin_ws/devel/include/opengv/Indices.hpp
Symlinking /home/cohrint/kimera-docker/catkin_ws/devel/include/opengv/OptimizationFunctor.hpp
Symlinking /home/cohrint/kimera-docker/catkin_ws/devel/include/opengv/types.hpp
Symlinking /home/cohrint/kimera-docker/catkin_ws/devel/include/opengv/math/roots.hpp
Symlinking /home/cohrint/kimera-docker/catkin_ws/devel/include/opengv/math/gauss_jordan.hpp
Symlinking /home/cohrint/kimera-docker/catkin_ws/devel/include/opengv/math/cayley.hpp
Symlinking /home/cohrint/kimera-docker/catkin_ws/devel/include/opengv/math/arun.hpp
Symlinking /home/cohrint/kimera-docker/catkin_ws/devel/include/opengv/math/Sturm.hpp
Symlinking /home/cohrint/kimera-docker/catkin_ws/devel/include/opengv/math/quaternion.hpp
Symlinking /home/cohrint/kimera-docker/catkin_ws/devel/include/opengv/sac/MultiSampleConsensus.hpp
Symlinking /home/cohrint/kimera-docker/catkin_ws/devel/include/opengv/sac/MultiSampleConsensusProblem.hpp
Symlinking /home/cohrint/kimera-docker/catkin_ws/devel/include/opengv/sac/SampleConsensus.hpp
Symlinking /home/cohrint/kimera-docker/catkin_ws/devel/include/opengv/sac/MultiRansac.hpp
Symlinking /home/cohrint/kimera-docker/catkin_ws/devel/include/opengv/sac/Lmeds.hpp
Symlinking /home/cohrint/kimera-docker/catkin_ws/devel/include/opengv/sac/SampleConsensusProblem.hpp
Symlinking /home/cohrint/kimera-docker/catkin_ws/devel/include/opengv/sac/Ransac.hpp
Symlinking /home/cohrint/kimera-docker/catkin_ws/devel/include/opengv/sac/implementation/MultiSampleConsensus.hpp
Symlinking /home/cohrint/kimera-docker/catkin_ws/devel/include/opengv/sac/implementation/MultiSampleConsensusProblem.hpp
Symlinking /home/cohrint/kimera-docker/catkin_ws/devel/include/opengv/sac/implementation/SampleConsensus.hpp
Symlinking /home/cohrint/kimera-docker/catkin_ws/devel/include/opengv/sac/implementation/MultiRansac.hpp
Symlinking /home/cohrint/kimera-docker/catkin_ws/devel/include/opengv/sac/implementation/Lmeds.hpp
Symlinking /home/cohrint/kimera-docker/catkin_ws/devel/include/opengv/sac/implementation/SampleConsensusProblem.hpp
Symlinking /home/cohrint/kimera-docker/catkin_ws/devel/include/opengv/sac/implementation/Ransac.hpp
Symlinking /home/cohrint/kimera-docker/catkin_ws/devel/include/opengv/relative_pose/NoncentralRelativeMultiAdapter.hpp
Symlinking /home/cohrint/kimera-docker/catkin_ws/devel/include/opengv/relative_pose/CentralRelativeWeightingAdapter.hpp
Symlinking /home/cohrint/kimera-docker/catkin_ws/devel/include/opengv/relative_pose/RelativeAdapterBase.hpp
Symlinking /home/cohrint/kimera-docker/catkin_ws/devel/include/opengv/relative_pose/MANoncentralRelativeMulti.hpp
Symlinking /home/cohrint/kimera-docker/catkin_ws/devel/include/opengv/relative_pose/CentralRelativeAdapter.hpp
Symlinking /home/cohrint/kimera-docker/catkin_ws/devel/include/opengv/relative_pose/NoncentralRelativeAdapter.hpp
Symlinking /home/cohrint/kimera-docker/catkin_ws/devel/include/opengv/relative_pose/CentralRelativeMultiAdapter.hpp
Symlinking /home/cohrint/kimera-docker/catkin_ws/devel/include/opengv/relative_pose/MANoncentralRelative.hpp
Symlinking /home/cohrint/kimera-docker/catkin_ws/devel/include/opengv/relative_pose/MACentralRelative.hpp
Symlinking /home/cohrint/kimera-docker/catkin_ws/devel/include/opengv/relative_pose/methods.hpp
Symlinking /home/cohrint/kimera-docker/catkin_ws/devel/include/opengv/relative_pose/RelativeMultiAdapterBase.hpp
Symlinking /home/cohrint/kimera-docker/catkin_ws/devel/include/opengv/relative_pose/modules/main.hpp
Symlinking /home/cohrint/kimera-docker/catkin_ws/devel/include/opengv/relative_pose/modules/fivept_nister/modules.hpp
Symlinking /home/cohrint/kimera-docker/catkin_ws/devel/include/opengv/relative_pose/modules/fivept_stewenius/modules.hpp
Symlinking /home/cohrint/kimera-docker/catkin_ws/devel/include/opengv/relative_pose/modules/ge/modules.hpp
Symlinking /home/cohrint/kimera-docker/catkin_ws/devel/include/opengv/relative_pose/modules/eigensolver/modules.hpp
Symlinking /home/cohrint/kimera-docker/catkin_ws/devel/include/opengv/relative_pose/modules/sixpt/modules.hpp
Symlinking /home/cohrint/kimera-docker/catkin_ws/devel/include/opengv/relative_pose/modules/fivept_kneip/modules.hpp
Symlinking /home/cohrint/kimera-docker/catkin_ws/devel/include/opengv/absolute_pose/CentralAbsoluteAdapter.hpp
Symlinking /home/cohrint/kimera-docker/catkin_ws/devel/include/opengv/absolute_pose/MACentralAbsolute.hpp
Symlinking /home/cohrint/kimera-docker/catkin_ws/devel/include/opengv/absolute_pose/MANoncentralAbsolute.hpp
Symlinking /home/cohrint/kimera-docker/catkin_ws/devel/include/opengv/absolute_pose/AbsoluteAdapterBase.hpp
Symlinking /home/cohrint/kimera-docker/catkin_ws/devel/include/opengv/absolute_pose/methods.hpp
Symlinking /home/cohrint/kimera-docker/catkin_ws/devel/include/opengv/absolute_pose/NoncentralAbsoluteAdapter.hpp
Symlinking /home/cohrint/kimera-docker/catkin_ws/devel/include/opengv/absolute_pose/AbsoluteMultiAdapterBase.hpp
Symlinking /home/cohrint/kimera-docker/catkin_ws/devel/include/opengv/absolute_pose/NoncentralAbsoluteMultiAdapter.hpp
Symlinking /home/cohrint/kimera-docker/catkin_ws/devel/include/opengv/absolute_pose/modules/Epnp.hpp
Symlinking /home/cohrint/kimera-docker/catkin_ws/devel/include/opengv/absolute_pose/modules/upnp4.hpp
Symlinking /home/cohrint/kimera-docker/catkin_ws/devel/include/opengv/absolute_pose/modules/upnp2.hpp
Symlinking /home/cohrint/kimera-docker/catkin_ws/devel/include/opengv/absolute_pose/modules/main.hpp
Symlinking /home/cohrint/kimera-docker/catkin_ws/devel/include/opengv/absolute_pose/modules/gp3p/modules.hpp
Symlinking /home/cohrint/kimera-docker/catkin_ws/devel/include/opengv/absolute_pose/modules/gpnp3/modules.hpp
Symlinking /home/cohrint/kimera-docker/catkin_ws/devel/include/opengv/absolute_pose/modules/gpnp5/modules.hpp
Symlinking /home/cohrint/kimera-docker/catkin_ws/devel/include/opengv/absolute_pose/modules/gpnp4/modules.hpp
Symlinking /home/cohrint/kimera-docker/catkin_ws/devel/include/opengv/absolute_pose/modules/gpnp1/modules.hpp
Symlinking /home/cohrint/kimera-docker/catkin_ws/devel/include/opengv/absolute_pose/modules/gpnp2/modules.hpp
Symlinking /home/cohrint/kimera-docker/catkin_ws/devel/include/opengv/point_cloud/MAPointCloud.hpp
Symlinking /home/cohrint/kimera-docker/catkin_ws/devel/include/opengv/point_cloud/PointCloudAdapter.hpp
Symlinking /home/cohrint/kimera-docker/catkin_ws/devel/include/opengv/point_cloud/methods.hpp
Symlinking /home/cohrint/kimera-docker/catkin_ws/devel/include/opengv/point_cloud/PointCloudAdapterBase.hpp
Symlinking /home/cohrint/kimera-docker/catkin_ws/devel/include/opengv/sac_problems/relative_pose/MultiCentralRelativePoseSacProblem.hpp
Symlinking /home/cohrint/kimera-docker/catkin_ws/devel/include/opengv/sac_problems/relative_pose/TranslationOnlySacProblem.hpp
Symlinking /home/cohrint/kimera-docker/catkin_ws/devel/include/opengv/sac_problems/relative_pose/EigensolverSacProblem.hpp
Symlinking /home/cohrint/kimera-docker/catkin_ws/devel/include/opengv/sac_problems/relative_pose/MultiNoncentralRelativePoseSacProblem.hpp
Symlinking /home/cohrint/kimera-docker/catkin_ws/devel/include/opengv/sac_problems/relative_pose/NoncentralRelativePoseSacProblem.hpp
Symlinking /home/cohrint/kimera-docker/catkin_ws/devel/include/opengv/sac_problems/relative_pose/CentralRelativePoseSacProblem.hpp
Symlinking /home/cohrint/kimera-docker/catkin_ws/devel/include/opengv/sac_problems/relative_pose/RotationOnlySacProblem.hpp
Symlinking /home/cohrint/kimera-docker/catkin_ws/devel/include/opengv/sac_problems/absolute_pose/MultiNoncentralAbsolutePoseSacProblem.hpp
Symlinking /home/cohrint/kimera-docker/catkin_ws/devel/include/opengv/sac_problems/absolute_pose/AbsolutePoseSacProblem.hpp
Symlinking /home/cohrint/kimera-docker/catkin_ws/devel/include/opengv/sac_problems/point_cloud/PointCloudSacProblem.hpp
Symlinking /home/cohrint/kimera-docker/catkin_ws/devel/include/opengv/triangulation/methods.hpp
Symlinking /home/cohrint/kimera-docker/catkin_ws/devel/share/opengv_catkin/cmake/opengv_catkinConfig-version.cmake
Symlinking /home/cohrint/kimera-docker/catkin_ws/devel/share/opengv_catkin/cmake/opengv_catkinConfig.cmake
Symlinking /home/cohrint/kimera-docker/catkin_ws/devel/lib/libopengv.a
Symlinking /home/cohrint/kimera-docker/catkin_ws/devel/lib/pkgconfig/opengv_catkin.pc
Symlinking /home/cohrint/kimera-docker/catkin_ws/devel/lib/cmake/opengv-1.0/opengvConfig.cmake
Symlinking /home/cohrint/kimera-docker/catkin_ws/devel/lib/cmake/opengv-1.0/opengvTargets.cmake
Symlinking /home/cohrint/kimera-docker/catkin_ws/devel/lib/cmake/opengv-1.0/opengvTargets-release.cmake
Symlinking /home/cohrint/kimera-docker/catkin_ws/devel/lib/cmake/opengv-1.0/opengvConfigVersion.cmake
