Symlinking /home/cohrint/kimera-docker/catkin_ws/devel/include/pose_graph_tools/PoseGraphQueryRequest.h
Symlinking /home/cohrint/kimera-docker/catkin_ws/devel/include/pose_graph_tools/TimeRangeQuery.h
Symlinking /home/cohrint/kimera-docker/catkin_ws/devel/include/pose_graph_tools/VLCRequests.h
Symlinking /home/cohrint/kimera-docker/catkin_ws/devel/include/pose_graph_tools/BowRequests.h
Symlinking /home/cohrint/kimera-docker/catkin_ws/devel/include/pose_graph_tools/VLCFrameQueryRequest.h
Symlinking /home/cohrint/kimera-docker/catkin_ws/devel/include/pose_graph_tools/BowQueries.h
Symlinking /home/cohrint/kimera-docker/catkin_ws/devel/include/pose_graph_tools/LoopClosuresAck.h
Symlinking /home/cohrint/kimera-docker/catkin_ws/devel/include/pose_graph_tools/PoseGraph.h
Symlinking /home/cohrint/kimera-docker/catkin_ws/devel/include/pose_graph_tools/VLCFrameQuery.h
Symlinking /home/cohrint/kimera-docker/catkin_ws/devel/include/pose_graph_tools/LoopClosures.h
Symlinking /home/cohrint/kimera-docker/catkin_ws/devel/include/pose_graph_tools/PoseGraphEdge.h
Symlinking /home/cohrint/kimera-docker/catkin_ws/devel/include/pose_graph_tools/BowQuery.h
Symlinking /home/cohrint/kimera-docker/catkin_ws/devel/include/pose_graph_tools/PoseGraphNode.h
Symlinking /home/cohrint/kimera-docker/catkin_ws/devel/include/pose_graph_tools/LcdFrameRegistrationResponse.h
Symlinking /home/cohrint/kimera-docker/catkin_ws/devel/include/pose_graph_tools/VLCFrames.h
Symlinking /home/cohrint/kimera-docker/catkin_ws/devel/include/pose_graph_tools/VLCFrameMsg.h
Symlinking /home/cohrint/kimera-docker/catkin_ws/devel/include/pose_graph_tools/PoseGraphQuery.h
Symlinking /home/cohrint/kimera-docker/catkin_ws/devel/include/pose_graph_tools/LcdFrameRegistrationRequest.h
Symlinking /home/cohrint/kimera-docker/catkin_ws/devel/include/pose_graph_tools/LcdFrameRegistration.h
Symlinking /home/cohrint/kimera-docker/catkin_ws/devel/include/pose_graph_tools/VLCFrameQueryResponse.h
Symlinking /home/cohrint/kimera-docker/catkin_ws/devel/include/pose_graph_tools/PoseGraphQueryResponse.h
Symlinking /home/cohrint/kimera-docker/catkin_ws/devel/include/pose_graph_tools/BowVector.h
Symlinking /home/cohrint/kimera-docker/catkin_ws/devel/share/gennodejs/ros/pose_graph_tools/_index.js
Symlinking /home/cohrint/kimera-docker/catkin_ws/devel/share/gennodejs/ros/pose_graph_tools/srv/LcdFrameRegistration.js
Symlinking /home/cohrint/kimera-docker/catkin_ws/devel/share/gennodejs/ros/pose_graph_tools/srv/_index.js
Symlinking /home/cohrint/kimera-docker/catkin_ws/devel/share/gennodejs/ros/pose_graph_tools/srv/VLCFrameQuery.js
Symlinking /home/cohrint/kimera-docker/catkin_ws/devel/share/gennodejs/ros/pose_graph_tools/srv/PoseGraphQuery.js
Symlinking /home/cohrint/kimera-docker/catkin_ws/devel/share/gennodejs/ros/pose_graph_tools/msg/BowRequests.js
Symlinking /home/cohrint/kimera-docker/catkin_ws/devel/share/gennodejs/ros/pose_graph_tools/msg/TimeRangeQuery.js
Symlinking /home/cohrint/kimera-docker/catkin_ws/devel/share/gennodejs/ros/pose_graph_tools/msg/BowQueries.js
Symlinking /home/cohrint/kimera-docker/catkin_ws/devel/share/gennodejs/ros/pose_graph_tools/msg/LoopClosures.js
Symlinking /home/cohrint/kimera-docker/catkin_ws/devel/share/gennodejs/ros/pose_graph_tools/msg/_index.js
Symlinking /home/cohrint/kimera-docker/catkin_ws/devel/share/gennodejs/ros/pose_graph_tools/msg/LoopClosuresAck.js
Symlinking /home/cohrint/kimera-docker/catkin_ws/devel/share/gennodejs/ros/pose_graph_tools/msg/PoseGraphNode.js
Symlinking /home/cohrint/kimera-docker/catkin_ws/devel/share/gennodejs/ros/pose_graph_tools/msg/VLCFrameMsg.js
Symlinking /home/cohrint/kimera-docker/catkin_ws/devel/share/gennodejs/ros/pose_graph_tools/msg/PoseGraph.js
Symlinking /home/cohrint/kimera-docker/catkin_ws/devel/share/gennodejs/ros/pose_graph_tools/msg/VLCRequests.js
Symlinking /home/cohrint/kimera-docker/catkin_ws/devel/share/gennodejs/ros/pose_graph_tools/msg/PoseGraphEdge.js
Symlinking /home/cohrint/kimera-docker/catkin_ws/devel/share/gennodejs/ros/pose_graph_tools/msg/BowQuery.js
Symlinking /home/cohrint/kimera-docker/catkin_ws/devel/share/gennodejs/ros/pose_graph_tools/msg/VLCFrames.js
Symlinking /home/cohrint/kimera-docker/catkin_ws/devel/share/gennodejs/ros/pose_graph_tools/msg/BowVector.js
Symlinking /home/cohrint/kimera-docker/catkin_ws/devel/share/common-lisp/ros/pose_graph_tools/srv/_package.lisp
Symlinking /home/cohrint/kimera-docker/catkin_ws/devel/share/common-lisp/ros/pose_graph_tools/srv/pose_graph_tools-srv.asd
Symlinking /home/cohrint/kimera-docker/catkin_ws/devel/share/common-lisp/ros/pose_graph_tools/srv/PoseGraphQuery.lisp
Symlinking /home/cohrint/kimera-docker/catkin_ws/devel/share/common-lisp/ros/pose_graph_tools/srv/_package_PoseGraphQuery.lisp
Symlinking /home/cohrint/kimera-docker/catkin_ws/devel/share/common-lisp/ros/pose_graph_tools/srv/LcdFrameRegistration.lisp
Symlinking /home/cohrint/kimera-docker/catkin_ws/devel/share/common-lisp/ros/pose_graph_tools/srv/_package_VLCFrameQuery.lisp
Symlinking /home/cohrint/kimera-docker/catkin_ws/devel/share/common-lisp/ros/pose_graph_tools/srv/_package_LcdFrameRegistration.lisp
Symlinking /home/cohrint/kimera-docker/catkin_ws/devel/share/common-lisp/ros/pose_graph_tools/srv/VLCFrameQuery.lisp
Symlinking /home/cohrint/kimera-docker/catkin_ws/devel/share/common-lisp/ros/pose_graph_tools/msg/_package_TimeRangeQuery.lisp
Symlinking /home/cohrint/kimera-docker/catkin_ws/devel/share/common-lisp/ros/pose_graph_tools/msg/VLCFrameMsg.lisp
Symlinking /home/cohrint/kimera-docker/catkin_ws/devel/share/common-lisp/ros/pose_graph_tools/msg/pose_graph_tools-msg.asd
Symlinking /home/cohrint/kimera-docker/catkin_ws/devel/share/common-lisp/ros/pose_graph_tools/msg/_package_PoseGraphEdge.lisp
Symlinking /home/cohrint/kimera-docker/catkin_ws/devel/share/common-lisp/ros/pose_graph_tools/msg/LoopClosuresAck.lisp
Symlinking /home/cohrint/kimera-docker/catkin_ws/devel/share/common-lisp/ros/pose_graph_tools/msg/TimeRangeQuery.lisp
Symlinking /home/cohrint/kimera-docker/catkin_ws/devel/share/common-lisp/ros/pose_graph_tools/msg/LoopClosures.lisp
Symlinking /home/cohrint/kimera-docker/catkin_ws/devel/share/common-lisp/ros/pose_graph_tools/msg/_package_VLCFrames.lisp
Symlinking /home/cohrint/kimera-docker/catkin_ws/devel/share/common-lisp/ros/pose_graph_tools/msg/BowQuery.lisp
Symlinking /home/cohrint/kimera-docker/catkin_ws/devel/share/common-lisp/ros/pose_graph_tools/msg/VLCRequests.lisp
Symlinking /home/cohrint/kimera-docker/catkin_ws/devel/share/common-lisp/ros/pose_graph_tools/msg/BowVector.lisp
Symlinking /home/cohrint/kimera-docker/catkin_ws/devel/share/common-lisp/ros/pose_graph_tools/msg/_package_PoseGraph.lisp
Symlinking /home/cohrint/kimera-docker/catkin_ws/devel/share/common-lisp/ros/pose_graph_tools/msg/BowRequests.lisp
Symlinking /home/cohrint/kimera-docker/catkin_ws/devel/share/common-lisp/ros/pose_graph_tools/msg/_package_LoopClosuresAck.lisp
Symlinking /home/cohrint/kimera-docker/catkin_ws/devel/share/common-lisp/ros/pose_graph_tools/msg/_package_VLCFrameMsg.lisp
Symlinking /home/cohrint/kimera-docker/catkin_ws/devel/share/common-lisp/ros/pose_graph_tools/msg/_package.lisp
Symlinking /home/cohrint/kimera-docker/catkin_ws/devel/share/common-lisp/ros/pose_graph_tools/msg/PoseGraphEdge.lisp
Symlinking /home/cohrint/kimera-docker/catkin_ws/devel/share/common-lisp/ros/pose_graph_tools/msg/PoseGraphNode.lisp
Symlinking /home/cohrint/kimera-docker/catkin_ws/devel/share/common-lisp/ros/pose_graph_tools/msg/_package_BowQueries.lisp
Symlinking /home/cohrint/kimera-docker/catkin_ws/devel/share/common-lisp/ros/pose_graph_tools/msg/_package_BowQuery.lisp
Symlinking /home/cohrint/kimera-docker/catkin_ws/devel/share/common-lisp/ros/pose_graph_tools/msg/PoseGraph.lisp
Symlinking /home/cohrint/kimera-docker/catkin_ws/devel/share/common-lisp/ros/pose_graph_tools/msg/_package_LoopClosures.lisp
Symlinking /home/cohrint/kimera-docker/catkin_ws/devel/share/common-lisp/ros/pose_graph_tools/msg/VLCFrames.lisp
Symlinking /home/cohrint/kimera-docker/catkin_ws/devel/share/common-lisp/ros/pose_graph_tools/msg/_package_BowVector.lisp
Symlinking /home/cohrint/kimera-docker/catkin_ws/devel/share/common-lisp/ros/pose_graph_tools/msg/_package_BowRequests.lisp
Symlinking /home/cohrint/kimera-docker/catkin_ws/devel/share/common-lisp/ros/pose_graph_tools/msg/_package_PoseGraphNode.lisp
Symlinking /home/cohrint/kimera-docker/catkin_ws/devel/share/common-lisp/ros/pose_graph_tools/msg/_package_VLCRequests.lisp
Symlinking /home/cohrint/kimera-docker/catkin_ws/devel/share/common-lisp/ros/pose_graph_tools/msg/BowQueries.lisp
Symlinking /home/cohrint/kimera-docker/catkin_ws/devel/share/roseus/ros/pose_graph_tools/manifest.l
Symlinking /home/cohrint/kimera-docker/catkin_ws/devel/share/roseus/ros/pose_graph_tools/srv/VLCFrameQuery.l
Symlinking /home/cohrint/kimera-docker/catkin_ws/devel/share/roseus/ros/pose_graph_tools/srv/LcdFrameRegistration.l
Symlinking /home/cohrint/kimera-docker/catkin_ws/devel/share/roseus/ros/pose_graph_tools/srv/PoseGraphQuery.l
Symlinking /home/cohrint/kimera-docker/catkin_ws/devel/share/roseus/ros/pose_graph_tools/msg/VLCFrameMsg.l
Symlinking /home/cohrint/kimera-docker/catkin_ws/devel/share/roseus/ros/pose_graph_tools/msg/PoseGraphEdge.l
Symlinking /home/cohrint/kimera-docker/catkin_ws/devel/share/roseus/ros/pose_graph_tools/msg/BowQuery.l
Symlinking /home/cohrint/kimera-docker/catkin_ws/devel/share/roseus/ros/pose_graph_tools/msg/PoseGraphNode.l
Symlinking /home/cohrint/kimera-docker/catkin_ws/devel/share/roseus/ros/pose_graph_tools/msg/VLCFrames.l
Symlinking /home/cohrint/kimera-docker/catkin_ws/devel/share/roseus/ros/pose_graph_tools/msg/BowVector.l
Symlinking /home/cohrint/kimera-docker/catkin_ws/devel/share/roseus/ros/pose_graph_tools/msg/BowRequests.l
Symlinking /home/cohrint/kimera-docker/catkin_ws/devel/share/roseus/ros/pose_graph_tools/msg/BowQueries.l
Symlinking /home/cohrint/kimera-docker/catkin_ws/devel/share/roseus/ros/pose_graph_tools/msg/LoopClosures.l
Symlinking /home/cohrint/kimera-docker/catkin_ws/devel/share/roseus/ros/pose_graph_tools/msg/VLCRequests.l
Symlinking /home/cohrint/kimera-docker/catkin_ws/devel/share/roseus/ros/pose_graph_tools/msg/LoopClosuresAck.l
Symlinking /home/cohrint/kimera-docker/catkin_ws/devel/share/roseus/ros/pose_graph_tools/msg/TimeRangeQuery.l
Symlinking /home/cohrint/kimera-docker/catkin_ws/devel/share/roseus/ros/pose_graph_tools/msg/PoseGraph.l
Symlinking /home/cohrint/kimera-docker/catkin_ws/devel/share/pose_graph_tools/cmake/pose_graph_tools-msg-extras.cmake
Symlinking /home/cohrint/kimera-docker/catkin_ws/devel/share/pose_graph_tools/cmake/pose_graph_toolsConfig.cmake
Symlinking /home/cohrint/kimera-docker/catkin_ws/devel/share/pose_graph_tools/cmake/pose_graph_tools-msg-paths.cmake
Symlinking /home/cohrint/kimera-docker/catkin_ws/devel/share/pose_graph_tools/cmake/pose_graph_toolsConfig-version.cmake
Symlinking /home/cohrint/kimera-docker/catkin_ws/devel/lib/libpose_graph_tools.so
Symlinking /home/cohrint/kimera-docker/catkin_ws/devel/lib/pkgconfig/pose_graph_tools.pc
Symlinking /home/cohrint/kimera-docker/catkin_ws/devel/lib/python3/dist-packages/pose_graph_tools/__init__.py
Symlinking /home/cohrint/kimera-docker/catkin_ws/devel/lib/python3/dist-packages/pose_graph_tools/srv/_LcdFrameRegistration.py
Symlinking /home/cohrint/kimera-docker/catkin_ws/devel/lib/python3/dist-packages/pose_graph_tools/srv/__init__.py
Symlinking /home/cohrint/kimera-docker/catkin_ws/devel/lib/python3/dist-packages/pose_graph_tools/srv/_PoseGraphQuery.py
Symlinking /home/cohrint/kimera-docker/catkin_ws/devel/lib/python3/dist-packages/pose_graph_tools/srv/_VLCFrameQuery.py
Symlinking /home/cohrint/kimera-docker/catkin_ws/devel/lib/python3/dist-packages/pose_graph_tools/msg/__init__.py
Symlinking /home/cohrint/kimera-docker/catkin_ws/devel/lib/python3/dist-packages/pose_graph_tools/msg/_LoopClosures.py
Symlinking /home/cohrint/kimera-docker/catkin_ws/devel/lib/python3/dist-packages/pose_graph_tools/msg/_VLCRequests.py
Symlinking /home/cohrint/kimera-docker/catkin_ws/devel/lib/python3/dist-packages/pose_graph_tools/msg/_PoseGraphEdge.py
Symlinking /home/cohrint/kimera-docker/catkin_ws/devel/lib/python3/dist-packages/pose_graph_tools/msg/_BowVector.py
Symlinking /home/cohrint/kimera-docker/catkin_ws/devel/lib/python3/dist-packages/pose_graph_tools/msg/_BowQuery.py
Symlinking /home/cohrint/kimera-docker/catkin_ws/devel/lib/python3/dist-packages/pose_graph_tools/msg/_VLCFrameMsg.py
Symlinking /home/cohrint/kimera-docker/catkin_ws/devel/lib/python3/dist-packages/pose_graph_tools/msg/_PoseGraphNode.py
Symlinking /home/cohrint/kimera-docker/catkin_ws/devel/lib/python3/dist-packages/pose_graph_tools/msg/_VLCFrames.py
Symlinking /home/cohrint/kimera-docker/catkin_ws/devel/lib/python3/dist-packages/pose_graph_tools/msg/_LoopClosuresAck.py
Symlinking /home/cohrint/kimera-docker/catkin_ws/devel/lib/python3/dist-packages/pose_graph_tools/msg/_BowRequests.py
Symlinking /home/cohrint/kimera-docker/catkin_ws/devel/lib/python3/dist-packages/pose_graph_tools/msg/_TimeRangeQuery.py
Symlinking /home/cohrint/kimera-docker/catkin_ws/devel/lib/python3/dist-packages/pose_graph_tools/msg/_PoseGraph.py
Symlinking /home/cohrint/kimera-docker/catkin_ws/devel/lib/python3/dist-packages/pose_graph_tools/msg/_BowQueries.py
Symlinking /home/cohrint/kimera-docker/catkin_ws/devel/lib/pose_graph_tools/visualizer_node
