Symlinking /home/cohrint/kimera-docker/catkin_ws/devel/include/opencv/highgui.h
Symlinking /home/cohrint/kimera-docker/catkin_ws/devel/include/opencv/cvaux.hpp
Symlinking /home/cohrint/kimera-docker/catkin_ws/devel/include/opencv/cxmisc.h
Symlinking /home/cohrint/kimera-docker/catkin_ws/devel/include/opencv/cxcore.h
Symlinking /home/cohrint/kimera-docker/catkin_ws/devel/include/opencv/ml.h
Symlinking /home/cohrint/kimera-docker/catkin_ws/devel/include/opencv/cv.hpp
Symlinking /home/cohrint/kimera-docker/catkin_ws/devel/include/opencv/cvaux.h
Symlinking /home/cohrint/kimera-docker/catkin_ws/devel/include/opencv/cv.h
Symlinking /home/cohrint/kimera-docker/catkin_ws/devel/include/opencv/cxcore.hpp
Symlinking /home/cohrint/kimera-docker/catkin_ws/devel/include/opencv/cxeigen.hpp
Symlinking /home/cohrint/kimera-docker/catkin_ws/devel/include/opencv/cvwimage.h
Symlinking /home/cohrint/kimera-docker/catkin_ws/devel/include/opencv2/ximgproc.hpp
Symlinking /home/cohrint/kimera-docker/catkin_ws/devel/include/opencv2/features2d.hpp
Symlinking /home/cohrint/kimera-docker/catkin_ws/devel/include/opencv2/videostab.hpp
Symlinking /home/cohrint/kimera-docker/catkin_ws/devel/include/opencv2/flann.hpp
Symlinking /home/cohrint/kimera-docker/catkin_ws/devel/include/opencv2/hfs.hpp
Symlinking /home/cohrint/kimera-docker/catkin_ws/devel/include/opencv2/xfeatures2d.hpp
Symlinking /home/cohrint/kimera-docker/catkin_ws/devel/include/opencv2/aruco.hpp
Symlinking /home/cohrint/kimera-docker/catkin_ws/devel/include/opencv2/phase_unwrapping.hpp
Symlinking /home/cohrint/kimera-docker/catkin_ws/devel/include/opencv2/rgbd.hpp
Symlinking /home/cohrint/kimera-docker/catkin_ws/devel/include/opencv2/imgcodecs.hpp
Symlinking /home/cohrint/kimera-docker/catkin_ws/devel/include/opencv2/cvconfig.h
Symlinking /home/cohrint/kimera-docker/catkin_ws/devel/include/opencv2/viz.hpp
Symlinking /home/cohrint/kimera-docker/catkin_ws/devel/include/opencv2/videoio.hpp
Symlinking /home/cohrint/kimera-docker/catkin_ws/devel/include/opencv2/opencv_modules.hpp
Symlinking /home/cohrint/kimera-docker/catkin_ws/devel/include/opencv2/calib3d.hpp
Symlinking /home/cohrint/kimera-docker/catkin_ws/devel/include/opencv2/stitching.hpp
Symlinking /home/cohrint/kimera-docker/catkin_ws/devel/include/opencv2/superres.hpp
Symlinking /home/cohrint/kimera-docker/catkin_ws/devel/include/opencv2/objdetect.hpp
Symlinking /home/cohrint/kimera-docker/catkin_ws/devel/include/opencv2/core.hpp
Symlinking /home/cohrint/kimera-docker/catkin_ws/devel/include/opencv2/imgproc.hpp
Symlinking /home/cohrint/kimera-docker/catkin_ws/devel/include/opencv2/img_hash.hpp
Symlinking /home/cohrint/kimera-docker/catkin_ws/devel/include/opencv2/shape.hpp
Symlinking /home/cohrint/kimera-docker/catkin_ws/devel/include/opencv2/video.hpp
Symlinking /home/cohrint/kimera-docker/catkin_ws/devel/include/opencv2/saliency.hpp
Symlinking /home/cohrint/kimera-docker/catkin_ws/devel/include/opencv2/opencv.hpp
Symlinking /home/cohrint/kimera-docker/catkin_ws/devel/include/opencv2/highgui.hpp
Symlinking /home/cohrint/kimera-docker/catkin_ws/devel/include/opencv2/line_descriptor.hpp
Symlinking /home/cohrint/kimera-docker/catkin_ws/devel/include/opencv2/photo.hpp
Symlinking /home/cohrint/kimera-docker/catkin_ws/devel/include/opencv2/ml.hpp
Symlinking /home/cohrint/kimera-docker/catkin_ws/devel/include/opencv2/shape/shape_transformer.hpp
Symlinking /home/cohrint/kimera-docker/catkin_ws/devel/include/opencv2/shape/shape_distance.hpp
Symlinking /home/cohrint/kimera-docker/catkin_ws/devel/include/opencv2/shape/emdL1.hpp
Symlinking /home/cohrint/kimera-docker/catkin_ws/devel/include/opencv2/shape/shape.hpp
Symlinking /home/cohrint/kimera-docker/catkin_ws/devel/include/opencv2/shape/hist_cost.hpp
Symlinking /home/cohrint/kimera-docker/catkin_ws/devel/include/opencv2/features2d/features2d.hpp
Symlinking /home/cohrint/kimera-docker/catkin_ws/devel/include/opencv2/features2d/hal/interface.h
Symlinking /home/cohrint/kimera-docker/catkin_ws/devel/include/opencv2/imgcodecs/imgcodecs.hpp
Symlinking /home/cohrint/kimera-docker/catkin_ws/devel/include/opencv2/imgcodecs/imgcodecs_c.h
Symlinking /home/cohrint/kimera-docker/catkin_ws/devel/include/opencv2/imgcodecs/ios.h
Symlinking /home/cohrint/kimera-docker/catkin_ws/devel/include/opencv2/xfeatures2d/nonfree.hpp
Symlinking /home/cohrint/kimera-docker/catkin_ws/devel/include/opencv2/xfeatures2d/cuda.hpp
Symlinking /home/cohrint/kimera-docker/catkin_ws/devel/include/opencv2/stitching/warpers.hpp
Symlinking /home/cohrint/kimera-docker/catkin_ws/devel/include/opencv2/stitching/detail/motion_estimators.hpp
Symlinking /home/cohrint/kimera-docker/catkin_ws/devel/include/opencv2/stitching/detail/warpers.hpp
Symlinking /home/cohrint/kimera-docker/catkin_ws/devel/include/opencv2/stitching/detail/blenders.hpp
Symlinking /home/cohrint/kimera-docker/catkin_ws/devel/include/opencv2/stitching/detail/exposure_compensate.hpp
Symlinking /home/cohrint/kimera-docker/catkin_ws/devel/include/opencv2/stitching/detail/warpers_inl.hpp
Symlinking /home/cohrint/kimera-docker/catkin_ws/devel/include/opencv2/stitching/detail/util_inl.hpp
Symlinking /home/cohrint/kimera-docker/catkin_ws/devel/include/opencv2/stitching/detail/seam_finders.hpp
Symlinking /home/cohrint/kimera-docker/catkin_ws/devel/include/opencv2/stitching/detail/timelapsers.hpp
Symlinking /home/cohrint/kimera-docker/catkin_ws/devel/include/opencv2/stitching/detail/util.hpp
Symlinking /home/cohrint/kimera-docker/catkin_ws/devel/include/opencv2/stitching/detail/autocalib.hpp
Symlinking /home/cohrint/kimera-docker/catkin_ws/devel/include/opencv2/stitching/detail/camera.hpp
Symlinking /home/cohrint/kimera-docker/catkin_ws/devel/include/opencv2/stitching/detail/matchers.hpp
Symlinking /home/cohrint/kimera-docker/catkin_ws/devel/include/opencv2/objdetect/detection_based_tracker.hpp
Symlinking /home/cohrint/kimera-docker/catkin_ws/devel/include/opencv2/objdetect/objdetect_c.h
Symlinking /home/cohrint/kimera-docker/catkin_ws/devel/include/opencv2/objdetect/objdetect.hpp
Symlinking /home/cohrint/kimera-docker/catkin_ws/devel/include/opencv2/phase_unwrapping/phase_unwrapping.hpp
Symlinking /home/cohrint/kimera-docker/catkin_ws/devel/include/opencv2/phase_unwrapping/histogramphaseunwrapping.hpp
Symlinking /home/cohrint/kimera-docker/catkin_ws/devel/include/opencv2/highgui/highgui_c.h
Symlinking /home/cohrint/kimera-docker/catkin_ws/devel/include/opencv2/highgui/highgui.hpp
Symlinking /home/cohrint/kimera-docker/catkin_ws/devel/include/opencv2/aruco/charuco.hpp
Symlinking /home/cohrint/kimera-docker/catkin_ws/devel/include/opencv2/aruco/dictionary.hpp
Symlinking /home/cohrint/kimera-docker/catkin_ws/devel/include/opencv2/ml/ml.inl.hpp
Symlinking /home/cohrint/kimera-docker/catkin_ws/devel/include/opencv2/ml/ml.hpp
Symlinking /home/cohrint/kimera-docker/catkin_ws/devel/include/opencv2/superres/optical_flow.hpp
Symlinking /home/cohrint/kimera-docker/catkin_ws/devel/include/opencv2/videoio/cap_ios.h
Symlinking /home/cohrint/kimera-docker/catkin_ws/devel/include/opencv2/videoio/videoio.hpp
Symlinking /home/cohrint/kimera-docker/catkin_ws/devel/include/opencv2/videoio/videoio_c.h
Symlinking /home/cohrint/kimera-docker/catkin_ws/devel/include/opencv2/saliency/saliencySpecializedClasses.hpp
Symlinking /home/cohrint/kimera-docker/catkin_ws/devel/include/opencv2/saliency/saliencyBaseClasses.hpp
Symlinking /home/cohrint/kimera-docker/catkin_ws/devel/include/opencv2/video/tracking_c.h
Symlinking /home/cohrint/kimera-docker/catkin_ws/devel/include/opencv2/video/background_segm.hpp
Symlinking /home/cohrint/kimera-docker/catkin_ws/devel/include/opencv2/video/video.hpp
Symlinking /home/cohrint/kimera-docker/catkin_ws/devel/include/opencv2/video/tracking.hpp
Symlinking /home/cohrint/kimera-docker/catkin_ws/devel/include/opencv2/img_hash/average_hash.hpp
Symlinking /home/cohrint/kimera-docker/catkin_ws/devel/include/opencv2/img_hash/marr_hildreth_hash.hpp
Symlinking /home/cohrint/kimera-docker/catkin_ws/devel/include/opencv2/img_hash/block_mean_hash.hpp
Symlinking /home/cohrint/kimera-docker/catkin_ws/devel/include/opencv2/img_hash/img_hash_base.hpp
Symlinking /home/cohrint/kimera-docker/catkin_ws/devel/include/opencv2/img_hash/color_moment_hash.hpp
Symlinking /home/cohrint/kimera-docker/catkin_ws/devel/include/opencv2/img_hash/radial_variance_hash.hpp
Symlinking /home/cohrint/kimera-docker/catkin_ws/devel/include/opencv2/img_hash/phash.hpp
Symlinking /home/cohrint/kimera-docker/catkin_ws/devel/include/opencv2/viz/vizcore.hpp
Symlinking /home/cohrint/kimera-docker/catkin_ws/devel/include/opencv2/viz/widget_accessor.hpp
Symlinking /home/cohrint/kimera-docker/catkin_ws/devel/include/opencv2/viz/widgets.hpp
Symlinking /home/cohrint/kimera-docker/catkin_ws/devel/include/opencv2/viz/types.hpp
Symlinking /home/cohrint/kimera-docker/catkin_ws/devel/include/opencv2/viz/viz3d.hpp
Symlinking /home/cohrint/kimera-docker/catkin_ws/devel/include/opencv2/rgbd/linemod.hpp
Symlinking /home/cohrint/kimera-docker/catkin_ws/devel/include/opencv2/flann/sampling.h
Symlinking /home/cohrint/kimera-docker/catkin_ws/devel/include/opencv2/flann/params.h
Symlinking /home/cohrint/kimera-docker/catkin_ws/devel/include/opencv2/flann/matrix.h
Symlinking /home/cohrint/kimera-docker/catkin_ws/devel/include/opencv2/flann/defines.h
Symlinking /home/cohrint/kimera-docker/catkin_ws/devel/include/opencv2/flann/timer.h
Symlinking /home/cohrint/kimera-docker/catkin_ws/devel/include/opencv2/flann/nn_index.h
Symlinking /home/cohrint/kimera-docker/catkin_ws/devel/include/opencv2/flann/index_testing.h
Symlinking /home/cohrint/kimera-docker/catkin_ws/devel/include/opencv2/flann/composite_index.h
Symlinking /home/cohrint/kimera-docker/catkin_ws/devel/include/opencv2/flann/flann.hpp
Symlinking /home/cohrint/kimera-docker/catkin_ws/devel/include/opencv2/flann/random.h
Symlinking /home/cohrint/kimera-docker/catkin_ws/devel/include/opencv2/flann/kdtree_single_index.h
Symlinking /home/cohrint/kimera-docker/catkin_ws/devel/include/opencv2/flann/heap.h
Symlinking /home/cohrint/kimera-docker/catkin_ws/devel/include/opencv2/flann/ground_truth.h
Symlinking /home/cohrint/kimera-docker/catkin_ws/devel/include/opencv2/flann/kmeans_index.h
Symlinking /home/cohrint/kimera-docker/catkin_ws/devel/include/opencv2/flann/linear_index.h
Symlinking /home/cohrint/kimera-docker/catkin_ws/devel/include/opencv2/flann/logger.h
Symlinking /home/cohrint/kimera-docker/catkin_ws/devel/include/opencv2/flann/any.h
Symlinking /home/cohrint/kimera-docker/catkin_ws/devel/include/opencv2/flann/all_indices.h
Symlinking /home/cohrint/kimera-docker/catkin_ws/devel/include/opencv2/flann/lsh_index.h
Symlinking /home/cohrint/kimera-docker/catkin_ws/devel/include/opencv2/flann/hdf5.h
Symlinking /home/cohrint/kimera-docker/catkin_ws/devel/include/opencv2/flann/result_set.h
Symlinking /home/cohrint/kimera-docker/catkin_ws/devel/include/opencv2/flann/dist.h
Symlinking /home/cohrint/kimera-docker/catkin_ws/devel/include/opencv2/flann/dynamic_bitset.h
Symlinking /home/cohrint/kimera-docker/catkin_ws/devel/include/opencv2/flann/miniflann.hpp
Symlinking /home/cohrint/kimera-docker/catkin_ws/devel/include/opencv2/flann/flann_base.hpp
Symlinking /home/cohrint/kimera-docker/catkin_ws/devel/include/opencv2/flann/hierarchical_clustering_index.h
Symlinking /home/cohrint/kimera-docker/catkin_ws/devel/include/opencv2/flann/object_factory.h
Symlinking /home/cohrint/kimera-docker/catkin_ws/devel/include/opencv2/flann/simplex_downhill.h
Symlinking /home/cohrint/kimera-docker/catkin_ws/devel/include/opencv2/flann/general.h
Symlinking /home/cohrint/kimera-docker/catkin_ws/devel/include/opencv2/flann/kdtree_index.h
Symlinking /home/cohrint/kimera-docker/catkin_ws/devel/include/opencv2/flann/lsh_table.h
Symlinking /home/cohrint/kimera-docker/catkin_ws/devel/include/opencv2/flann/saving.h
Symlinking /home/cohrint/kimera-docker/catkin_ws/devel/include/opencv2/flann/autotuned_index.h
Symlinking /home/cohrint/kimera-docker/catkin_ws/devel/include/opencv2/flann/dummy.h
Symlinking /home/cohrint/kimera-docker/catkin_ws/devel/include/opencv2/flann/config.h
Symlinking /home/cohrint/kimera-docker/catkin_ws/devel/include/opencv2/flann/allocator.h
Symlinking /home/cohrint/kimera-docker/catkin_ws/devel/include/opencv2/videostab/stabilizer.hpp
Symlinking /home/cohrint/kimera-docker/catkin_ws/devel/include/opencv2/videostab/global_motion.hpp
Symlinking /home/cohrint/kimera-docker/catkin_ws/devel/include/opencv2/videostab/motion_core.hpp
Symlinking /home/cohrint/kimera-docker/catkin_ws/devel/include/opencv2/videostab/fast_marching_inl.hpp
Symlinking /home/cohrint/kimera-docker/catkin_ws/devel/include/opencv2/videostab/inpainting.hpp
Symlinking /home/cohrint/kimera-docker/catkin_ws/devel/include/opencv2/videostab/frame_source.hpp
Symlinking /home/cohrint/kimera-docker/catkin_ws/devel/include/opencv2/videostab/log.hpp
Symlinking /home/cohrint/kimera-docker/catkin_ws/devel/include/opencv2/videostab/wobble_suppression.hpp
Symlinking /home/cohrint/kimera-docker/catkin_ws/devel/include/opencv2/videostab/motion_stabilizing.hpp
Symlinking /home/cohrint/kimera-docker/catkin_ws/devel/include/opencv2/videostab/fast_marching.hpp
Symlinking /home/cohrint/kimera-docker/catkin_ws/devel/include/opencv2/videostab/optical_flow.hpp
Symlinking /home/cohrint/kimera-docker/catkin_ws/devel/include/opencv2/videostab/deblurring.hpp
Symlinking /home/cohrint/kimera-docker/catkin_ws/devel/include/opencv2/videostab/outlier_rejection.hpp
Symlinking /home/cohrint/kimera-docker/catkin_ws/devel/include/opencv2/videostab/ring_buffer.hpp
Symlinking /home/cohrint/kimera-docker/catkin_ws/devel/include/opencv2/calib3d/calib3d_c.h
Symlinking /home/cohrint/kimera-docker/catkin_ws/devel/include/opencv2/calib3d/calib3d.hpp
Symlinking /home/cohrint/kimera-docker/catkin_ws/devel/include/opencv2/line_descriptor/descriptor.hpp
Symlinking /home/cohrint/kimera-docker/catkin_ws/devel/include/opencv2/imgproc/imgproc_c.h
Symlinking /home/cohrint/kimera-docker/catkin_ws/devel/include/opencv2/imgproc/types_c.h
Symlinking /home/cohrint/kimera-docker/catkin_ws/devel/include/opencv2/imgproc/imgproc.hpp
Symlinking /home/cohrint/kimera-docker/catkin_ws/devel/include/opencv2/imgproc/hal/interface.h
Symlinking /home/cohrint/kimera-docker/catkin_ws/devel/include/opencv2/imgproc/hal/hal.hpp
Symlinking /home/cohrint/kimera-docker/catkin_ws/devel/include/opencv2/imgproc/detail/distortion_model.hpp
Symlinking /home/cohrint/kimera-docker/catkin_ws/devel/include/opencv2/core/ocl_genbase.hpp
Symlinking /home/cohrint/kimera-docker/catkin_ws/devel/include/opencv2/core/softfloat.hpp
Symlinking /home/cohrint/kimera-docker/catkin_ws/devel/include/opencv2/core/mat.inl.hpp
Symlinking /home/cohrint/kimera-docker/catkin_ws/devel/include/opencv2/core/operations.hpp
Symlinking /home/cohrint/kimera-docker/catkin_ws/devel/include/opencv2/core/fast_math.hpp
Symlinking /home/cohrint/kimera-docker/catkin_ws/devel/include/opencv2/core/affine.hpp
Symlinking /home/cohrint/kimera-docker/catkin_ws/devel/include/opencv2/core/vsx_utils.hpp
Symlinking /home/cohrint/kimera-docker/catkin_ws/devel/include/opencv2/core/types_c.h
Symlinking /home/cohrint/kimera-docker/catkin_ws/devel/include/opencv2/core/cv_cpu_helper.h
Symlinking /home/cohrint/kimera-docker/catkin_ws/devel/include/opencv2/core/sse_utils.hpp
Symlinking /home/cohrint/kimera-docker/catkin_ws/devel/include/opencv2/core/mat.hpp
Symlinking /home/cohrint/kimera-docker/catkin_ws/devel/include/opencv2/core/cvstd.hpp
Symlinking /home/cohrint/kimera-docker/catkin_ws/devel/include/opencv2/core/persistence.hpp
Symlinking /home/cohrint/kimera-docker/catkin_ws/devel/include/opencv2/core/matx.hpp
Symlinking /home/cohrint/kimera-docker/catkin_ws/devel/include/opencv2/core/ocl.hpp
Symlinking /home/cohrint/kimera-docker/catkin_ws/devel/include/opencv2/core/base.hpp
Symlinking /home/cohrint/kimera-docker/catkin_ws/devel/include/opencv2/core/neon_utils.hpp
Symlinking /home/cohrint/kimera-docker/catkin_ws/devel/include/opencv2/core/va_intel.hpp
Symlinking /home/cohrint/kimera-docker/catkin_ws/devel/include/opencv2/core/cuda.inl.hpp
Symlinking /home/cohrint/kimera-docker/catkin_ws/devel/include/opencv2/core/ptr.inl.hpp
Symlinking /home/cohrint/kimera-docker/catkin_ws/devel/include/opencv2/core/ippasync.hpp
Symlinking /home/cohrint/kimera-docker/catkin_ws/devel/include/opencv2/core/opengl.hpp
Symlinking /home/cohrint/kimera-docker/catkin_ws/devel/include/opencv2/core/cuda_types.hpp
Symlinking /home/cohrint/kimera-docker/catkin_ws/devel/include/opencv2/core/bufferpool.hpp
Symlinking /home/cohrint/kimera-docker/catkin_ws/devel/include/opencv2/core/core.hpp
Symlinking /home/cohrint/kimera-docker/catkin_ws/devel/include/opencv2/core/directx.hpp
Symlinking /home/cohrint/kimera-docker/catkin_ws/devel/include/opencv2/core/traits.hpp
Symlinking /home/cohrint/kimera-docker/catkin_ws/devel/include/opencv2/core/check.hpp
Symlinking /home/cohrint/kimera-docker/catkin_ws/devel/include/opencv2/core/eigen.hpp
Symlinking /home/cohrint/kimera-docker/catkin_ws/devel/include/opencv2/core/types.hpp
Symlinking /home/cohrint/kimera-docker/catkin_ws/devel/include/opencv2/core/wimage.hpp
Symlinking /home/cohrint/kimera-docker/catkin_ws/devel/include/opencv2/core/cvdef.h
Symlinking /home/cohrint/kimera-docker/catkin_ws/devel/include/opencv2/core/cuda_stream_accessor.hpp
Symlinking /home/cohrint/kimera-docker/catkin_ws/devel/include/opencv2/core/cuda.hpp
Symlinking /home/cohrint/kimera-docker/catkin_ws/devel/include/opencv2/core/optim.hpp
Symlinking /home/cohrint/kimera-docker/catkin_ws/devel/include/opencv2/core/version.hpp
Symlinking /home/cohrint/kimera-docker/catkin_ws/devel/include/opencv2/core/saturate.hpp
Symlinking /home/cohrint/kimera-docker/catkin_ws/devel/include/opencv2/core/utility.hpp
Symlinking /home/cohrint/kimera-docker/catkin_ws/devel/include/opencv2/core/core_c.h
Symlinking /home/cohrint/kimera-docker/catkin_ws/devel/include/opencv2/core/cv_cpu_dispatch.h
Symlinking /home/cohrint/kimera-docker/catkin_ws/devel/include/opencv2/core/ovx.hpp
Symlinking /home/cohrint/kimera-docker/catkin_ws/devel/include/opencv2/core/cvstd.inl.hpp
Symlinking /home/cohrint/kimera-docker/catkin_ws/devel/include/opencv2/core/utils/logger.hpp
Symlinking /home/cohrint/kimera-docker/catkin_ws/devel/include/opencv2/core/utils/trace.hpp
Symlinking /home/cohrint/kimera-docker/catkin_ws/devel/include/opencv2/core/utils/logger.defines.hpp
Symlinking /home/cohrint/kimera-docker/catkin_ws/devel/include/opencv2/core/utils/filesystem.hpp
Symlinking /home/cohrint/kimera-docker/catkin_ws/devel/include/opencv2/core/hal/intrin.hpp
Symlinking /home/cohrint/kimera-docker/catkin_ws/devel/include/opencv2/core/hal/interface.h
Symlinking /home/cohrint/kimera-docker/catkin_ws/devel/include/opencv2/core/hal/hal.hpp
Symlinking /home/cohrint/kimera-docker/catkin_ws/devel/include/opencv2/core/hal/intrin_cpp.hpp
Symlinking /home/cohrint/kimera-docker/catkin_ws/devel/include/opencv2/core/hal/intrin_vsx.hpp
Symlinking /home/cohrint/kimera-docker/catkin_ws/devel/include/opencv2/core/hal/intrin_sse.hpp
Symlinking /home/cohrint/kimera-docker/catkin_ws/devel/include/opencv2/core/hal/intrin_neon.hpp
Symlinking /home/cohrint/kimera-docker/catkin_ws/devel/include/opencv2/core/opencl/opencl_svm.hpp
Symlinking /home/cohrint/kimera-docker/catkin_ws/devel/include/opencv2/core/opencl/opencl_info.hpp
Symlinking /home/cohrint/kimera-docker/catkin_ws/devel/include/opencv2/core/opencl/ocl_defs.hpp
Symlinking /home/cohrint/kimera-docker/catkin_ws/devel/include/opencv2/core/opencl/runtime/opencl_gl_wrappers.hpp
Symlinking /home/cohrint/kimera-docker/catkin_ws/devel/include/opencv2/core/opencl/runtime/opencl_gl.hpp
Symlinking /home/cohrint/kimera-docker/catkin_ws/devel/include/opencv2/core/opencl/runtime/opencl_svm_20.hpp
Symlinking /home/cohrint/kimera-docker/catkin_ws/devel/include/opencv2/core/opencl/runtime/opencl_core_wrappers.hpp
Symlinking /home/cohrint/kimera-docker/catkin_ws/devel/include/opencv2/core/opencl/runtime/opencl_clamdblas.hpp
Symlinking /home/cohrint/kimera-docker/catkin_ws/devel/include/opencv2/core/opencl/runtime/opencl_svm_hsa_extension.hpp
Symlinking /home/cohrint/kimera-docker/catkin_ws/devel/include/opencv2/core/opencl/runtime/opencl_clamdfft.hpp
Symlinking /home/cohrint/kimera-docker/catkin_ws/devel/include/opencv2/core/opencl/runtime/opencl_svm_definitions.hpp
Symlinking /home/cohrint/kimera-docker/catkin_ws/devel/include/opencv2/core/opencl/runtime/opencl_core.hpp
Symlinking /home/cohrint/kimera-docker/catkin_ws/devel/include/opencv2/core/opencl/runtime/autogenerated/opencl_gl_wrappers.hpp
Symlinking /home/cohrint/kimera-docker/catkin_ws/devel/include/opencv2/core/opencl/runtime/autogenerated/opencl_gl.hpp
Symlinking /home/cohrint/kimera-docker/catkin_ws/devel/include/opencv2/core/opencl/runtime/autogenerated/opencl_core_wrappers.hpp
Symlinking /home/cohrint/kimera-docker/catkin_ws/devel/include/opencv2/core/opencl/runtime/autogenerated/opencl_clamdblas.hpp
Symlinking /home/cohrint/kimera-docker/catkin_ws/devel/include/opencv2/core/opencl/runtime/autogenerated/opencl_clamdfft.hpp
Symlinking /home/cohrint/kimera-docker/catkin_ws/devel/include/opencv2/core/opencl/runtime/autogenerated/opencl_core.hpp
Symlinking /home/cohrint/kimera-docker/catkin_ws/devel/include/opencv2/core/cuda/reduce.hpp
Symlinking /home/cohrint/kimera-docker/catkin_ws/devel/include/opencv2/core/cuda/block.hpp
Symlinking /home/cohrint/kimera-docker/catkin_ws/devel/include/opencv2/core/cuda/datamov_utils.hpp
Symlinking /home/cohrint/kimera-docker/catkin_ws/devel/include/opencv2/core/cuda/type_traits.hpp
Symlinking /home/cohrint/kimera-docker/catkin_ws/devel/include/opencv2/core/cuda/warp_reduce.hpp
Symlinking /home/cohrint/kimera-docker/catkin_ws/devel/include/opencv2/core/cuda/border_interpolate.hpp
Symlinking /home/cohrint/kimera-docker/catkin_ws/devel/include/opencv2/core/cuda/funcattrib.hpp
Symlinking /home/cohrint/kimera-docker/catkin_ws/devel/include/opencv2/core/cuda/transform.hpp
Symlinking /home/cohrint/kimera-docker/catkin_ws/devel/include/opencv2/core/cuda/vec_math.hpp
Symlinking /home/cohrint/kimera-docker/catkin_ws/devel/include/opencv2/core/cuda/simd_functions.hpp
Symlinking /home/cohrint/kimera-docker/catkin_ws/devel/include/opencv2/core/cuda/warp_shuffle.hpp
Symlinking /home/cohrint/kimera-docker/catkin_ws/devel/include/opencv2/core/cuda/limits.hpp
Symlinking /home/cohrint/kimera-docker/catkin_ws/devel/include/opencv2/core/cuda/common.hpp
Symlinking /home/cohrint/kimera-docker/catkin_ws/devel/include/opencv2/core/cuda/color.hpp
Symlinking /home/cohrint/kimera-docker/catkin_ws/devel/include/opencv2/core/cuda/warp.hpp
Symlinking /home/cohrint/kimera-docker/catkin_ws/devel/include/opencv2/core/cuda/vec_traits.hpp
Symlinking /home/cohrint/kimera-docker/catkin_ws/devel/include/opencv2/core/cuda/filters.hpp
Symlinking /home/cohrint/kimera-docker/catkin_ws/devel/include/opencv2/core/cuda/utility.hpp
Symlinking /home/cohrint/kimera-docker/catkin_ws/devel/include/opencv2/core/cuda/emulation.hpp
Symlinking /home/cohrint/kimera-docker/catkin_ws/devel/include/opencv2/core/cuda/vec_distance.hpp
Symlinking /home/cohrint/kimera-docker/catkin_ws/devel/include/opencv2/core/cuda/scan.hpp
Symlinking /home/cohrint/kimera-docker/catkin_ws/devel/include/opencv2/core/cuda/dynamic_smem.hpp
Symlinking /home/cohrint/kimera-docker/catkin_ws/devel/include/opencv2/core/cuda/saturate_cast.hpp
Symlinking /home/cohrint/kimera-docker/catkin_ws/devel/include/opencv2/core/cuda/functional.hpp
Symlinking /home/cohrint/kimera-docker/catkin_ws/devel/include/opencv2/core/cuda/detail/reduce.hpp
Symlinking /home/cohrint/kimera-docker/catkin_ws/devel/include/opencv2/core/cuda/detail/transform_detail.hpp
Symlinking /home/cohrint/kimera-docker/catkin_ws/devel/include/opencv2/core/cuda/detail/reduce_key_val.hpp
Symlinking /home/cohrint/kimera-docker/catkin_ws/devel/include/opencv2/core/cuda/detail/vec_distance_detail.hpp
Symlinking /home/cohrint/kimera-docker/catkin_ws/devel/include/opencv2/core/cuda/detail/color_detail.hpp
Symlinking /home/cohrint/kimera-docker/catkin_ws/devel/include/opencv2/core/cuda/detail/type_traits_detail.hpp
Symlinking /home/cohrint/kimera-docker/catkin_ws/devel/include/opencv2/ximgproc/deriche_filter.hpp
Symlinking /home/cohrint/kimera-docker/catkin_ws/devel/include/opencv2/ximgproc/paillou_filter.hpp
Symlinking /home/cohrint/kimera-docker/catkin_ws/devel/include/opencv2/ximgproc/brightedges.hpp
Symlinking /home/cohrint/kimera-docker/catkin_ws/devel/include/opencv2/ximgproc/weighted_median_filter.hpp
Symlinking /home/cohrint/kimera-docker/catkin_ws/devel/include/opencv2/ximgproc/peilin.hpp
Symlinking /home/cohrint/kimera-docker/catkin_ws/devel/include/opencv2/ximgproc/lsc.hpp
Symlinking /home/cohrint/kimera-docker/catkin_ws/devel/include/opencv2/ximgproc/edgeboxes.hpp
Symlinking /home/cohrint/kimera-docker/catkin_ws/devel/include/opencv2/ximgproc/seeds.hpp
Symlinking /home/cohrint/kimera-docker/catkin_ws/devel/include/opencv2/ximgproc/disparity_filter.hpp
Symlinking /home/cohrint/kimera-docker/catkin_ws/devel/include/opencv2/ximgproc/structured_edge_detection.hpp
Symlinking /home/cohrint/kimera-docker/catkin_ws/devel/include/opencv2/ximgproc/fourier_descriptors.hpp
Symlinking /home/cohrint/kimera-docker/catkin_ws/devel/include/opencv2/ximgproc/estimated_covariance.hpp
Symlinking /home/cohrint/kimera-docker/catkin_ws/devel/include/opencv2/ximgproc/sparse_match_interpolator.hpp
Symlinking /home/cohrint/kimera-docker/catkin_ws/devel/include/opencv2/ximgproc/fast_line_detector.hpp
Symlinking /home/cohrint/kimera-docker/catkin_ws/devel/include/opencv2/ximgproc/segmentation.hpp
Symlinking /home/cohrint/kimera-docker/catkin_ws/devel/include/opencv2/ximgproc/fast_hough_transform.hpp
Symlinking /home/cohrint/kimera-docker/catkin_ws/devel/include/opencv2/ximgproc/ridgefilter.hpp
Symlinking /home/cohrint/kimera-docker/catkin_ws/devel/include/opencv2/ximgproc/slic.hpp
Symlinking /home/cohrint/kimera-docker/catkin_ws/devel/include/opencv2/ximgproc/edge_filter.hpp
Symlinking /home/cohrint/kimera-docker/catkin_ws/devel/include/opencv2/photo/photo_c.h
Symlinking /home/cohrint/kimera-docker/catkin_ws/devel/include/opencv2/photo/cuda.hpp
Symlinking /home/cohrint/kimera-docker/catkin_ws/devel/include/opencv2/photo/photo.hpp
Symlinking /home/cohrint/kimera-docker/catkin_ws/devel/bin/opencv_interactive-calibration
Symlinking /home/cohrint/kimera-docker/catkin_ws/devel/bin/opencv_visualisation
Symlinking /home/cohrint/kimera-docker/catkin_ws/devel/bin/opencv_version
Symlinking /home/cohrint/kimera-docker/catkin_ws/devel/bin/opencv_annotation
Symlinking /home/cohrint/kimera-docker/catkin_ws/devel/bin/opencv_traincascade
Symlinking /home/cohrint/kimera-docker/catkin_ws/devel/bin/opencv_createsamples
Symlinking /home/cohrint/kimera-docker/catkin_ws/devel/share/opencv3_catkin/cmake/opencv3_catkinConfig-version.cmake
Symlinking /home/cohrint/kimera-docker/catkin_ws/devel/share/opencv3_catkin/cmake/opencv3_catkinConfig.cmake
Symlinking /home/cohrint/kimera-docker/catkin_ws/devel/share/OpenCV/OpenCVModules-release.cmake
Symlinking /home/cohrint/kimera-docker/catkin_ws/devel/share/OpenCV/valgrind_3rdparty.supp
Symlinking /home/cohrint/kimera-docker/catkin_ws/devel/share/OpenCV/valgrind.supp
Symlinking /home/cohrint/kimera-docker/catkin_ws/devel/share/OpenCV/OpenCVModules.cmake
Symlinking /home/cohrint/kimera-docker/catkin_ws/devel/share/OpenCV/OpenCVConfig-version.cmake
Symlinking /home/cohrint/kimera-docker/catkin_ws/devel/share/OpenCV/OpenCVConfig.cmake
Symlinking /home/cohrint/kimera-docker/catkin_ws/devel/share/OpenCV/lbpcascades/lbpcascade_silverware.xml
Symlinking /home/cohrint/kimera-docker/catkin_ws/devel/share/OpenCV/lbpcascades/lbpcascade_frontalface.xml
Symlinking /home/cohrint/kimera-docker/catkin_ws/devel/share/OpenCV/lbpcascades/lbpcascade_frontalcatface.xml
Symlinking /home/cohrint/kimera-docker/catkin_ws/devel/share/OpenCV/lbpcascades/lbpcascade_frontalface_improved.xml
Symlinking /home/cohrint/kimera-docker/catkin_ws/devel/share/OpenCV/lbpcascades/lbpcascade_profileface.xml
Symlinking /home/cohrint/kimera-docker/catkin_ws/devel/share/OpenCV/haarcascades/haarcascade_smile.xml
Symlinking /home/cohrint/kimera-docker/catkin_ws/devel/share/OpenCV/haarcascades/haarcascade_frontalcatface.xml
Symlinking /home/cohrint/kimera-docker/catkin_ws/devel/share/OpenCV/haarcascades/haarcascade_fullbody.xml
Symlinking /home/cohrint/kimera-docker/catkin_ws/devel/share/OpenCV/haarcascades/haarcascade_frontalface_default.xml
Symlinking /home/cohrint/kimera-docker/catkin_ws/devel/share/OpenCV/haarcascades/haarcascade_frontalface_alt_tree.xml
Symlinking /home/cohrint/kimera-docker/catkin_ws/devel/share/OpenCV/haarcascades/haarcascade_frontalface_alt.xml
Symlinking /home/cohrint/kimera-docker/catkin_ws/devel/share/OpenCV/haarcascades/haarcascade_eye.xml
Symlinking /home/cohrint/kimera-docker/catkin_ws/devel/share/OpenCV/haarcascades/haarcascade_eye_tree_eyeglasses.xml
Symlinking /home/cohrint/kimera-docker/catkin_ws/devel/share/OpenCV/haarcascades/haarcascade_profileface.xml
Symlinking /home/cohrint/kimera-docker/catkin_ws/devel/share/OpenCV/haarcascades/haarcascade_frontalcatface_extended.xml
Symlinking /home/cohrint/kimera-docker/catkin_ws/devel/share/OpenCV/haarcascades/haarcascade_upperbody.xml
Symlinking /home/cohrint/kimera-docker/catkin_ws/devel/share/OpenCV/haarcascades/haarcascade_licence_plate_rus_16stages.xml
Symlinking /home/cohrint/kimera-docker/catkin_ws/devel/share/OpenCV/haarcascades/haarcascade_righteye_2splits.xml
Symlinking /home/cohrint/kimera-docker/catkin_ws/devel/share/OpenCV/haarcascades/haarcascade_lefteye_2splits.xml
Symlinking /home/cohrint/kimera-docker/catkin_ws/devel/share/OpenCV/haarcascades/haarcascade_frontalface_alt2.xml
Symlinking /home/cohrint/kimera-docker/catkin_ws/devel/share/OpenCV/haarcascades/haarcascade_russian_plate_number.xml
Symlinking /home/cohrint/kimera-docker/catkin_ws/devel/share/OpenCV/haarcascades/haarcascade_lowerbody.xml
Symlinking /home/cohrint/kimera-docker/catkin_ws/devel/share/OpenCV/licenses/ittnotify-LICENSE.BSD
Symlinking /home/cohrint/kimera-docker/catkin_ws/devel/share/OpenCV/licenses/ippicv-readme.htm
Symlinking /home/cohrint/kimera-docker/catkin_ws/devel/share/OpenCV/licenses/jasper-copyright
Symlinking /home/cohrint/kimera-docker/catkin_ws/devel/share/OpenCV/licenses/ippicv-ippEULA.txt
Symlinking /home/cohrint/kimera-docker/catkin_ws/devel/share/OpenCV/licenses/ippiw-redist.txt
Symlinking /home/cohrint/kimera-docker/catkin_ws/devel/share/OpenCV/licenses/ippiw-third-party-programs.txt
Symlinking /home/cohrint/kimera-docker/catkin_ws/devel/share/OpenCV/licenses/jasper-LICENSE
Symlinking /home/cohrint/kimera-docker/catkin_ws/devel/share/OpenCV/licenses/jasper-README
Symlinking /home/cohrint/kimera-docker/catkin_ws/devel/share/OpenCV/licenses/ippiw-EULA.txt
Symlinking /home/cohrint/kimera-docker/catkin_ws/devel/share/OpenCV/licenses/ippiw-support.txt
Symlinking /home/cohrint/kimera-docker/catkin_ws/devel/share/OpenCV/licenses/ittnotify-LICENSE.GPL
Symlinking /home/cohrint/kimera-docker/catkin_ws/devel/share/OpenCV/licenses/SoftFloat-COPYING.txt
Symlinking /home/cohrint/kimera-docker/catkin_ws/devel/lib/libopencv_video.so
Symlinking /home/cohrint/kimera-docker/catkin_ws/devel/lib/libopencv_superres.so.3.4
Symlinking /home/cohrint/kimera-docker/catkin_ws/devel/lib/libopencv_videoio.so
Symlinking /home/cohrint/kimera-docker/catkin_ws/devel/lib/libopencv_core.so
Symlinking /home/cohrint/kimera-docker/catkin_ws/devel/lib/libopencv_superres.so.3.4.2
Symlinking /home/cohrint/kimera-docker/catkin_ws/devel/lib/libopencv_img_hash.so.3.4.2
Symlinking /home/cohrint/kimera-docker/catkin_ws/devel/lib/libopencv_imgcodecs.so.3.4.2
Symlinking /home/cohrint/kimera-docker/catkin_ws/devel/lib/libopencv_calib3d.so.3.4
Symlinking /home/cohrint/kimera-docker/catkin_ws/devel/lib/libopencv_video.so.3.4.2
Symlinking /home/cohrint/kimera-docker/catkin_ws/devel/lib/libopencv_aruco.so.3.4.2
Symlinking /home/cohrint/kimera-docker/catkin_ws/devel/lib/libopencv_photo.so.3.4.2
Symlinking /home/cohrint/kimera-docker/catkin_ws/devel/lib/libopencv_objdetect.so.3.4
Symlinking /home/cohrint/kimera-docker/catkin_ws/devel/lib/libopencv_hfs.so
Symlinking /home/cohrint/kimera-docker/catkin_ws/devel/lib/libopencv_rgbd.so
Symlinking /home/cohrint/kimera-docker/catkin_ws/devel/lib/libopencv_aruco.so
Symlinking /home/cohrint/kimera-docker/catkin_ws/devel/lib/libopencv_line_descriptor.so.3.4
Symlinking /home/cohrint/kimera-docker/catkin_ws/devel/lib/libopencv_phase_unwrapping.so
Symlinking /home/cohrint/kimera-docker/catkin_ws/devel/lib/libopencv_saliency.so
Symlinking /home/cohrint/kimera-docker/catkin_ws/devel/lib/libopencv_xfeatures2d.so.3.4
Symlinking /home/cohrint/kimera-docker/catkin_ws/devel/lib/libopencv_viz.so
Symlinking /home/cohrint/kimera-docker/catkin_ws/devel/lib/libopencv_xfeatures2d.so.3.4.2
Symlinking /home/cohrint/kimera-docker/catkin_ws/devel/lib/libopencv_flann.so.3.4
Symlinking /home/cohrint/kimera-docker/catkin_ws/devel/lib/libopencv_superres.so
Symlinking /home/cohrint/kimera-docker/catkin_ws/devel/lib/libopencv_highgui.so.3.4.2
Symlinking /home/cohrint/kimera-docker/catkin_ws/devel/lib/libopencv_features2d.so
Symlinking /home/cohrint/kimera-docker/catkin_ws/devel/lib/libopencv_aruco.so.3.4
Symlinking /home/cohrint/kimera-docker/catkin_ws/devel/lib/libopencv_video.so.3.4
Symlinking /home/cohrint/kimera-docker/catkin_ws/devel/lib/libopencv_saliency.so.3.4.2
Symlinking /home/cohrint/kimera-docker/catkin_ws/devel/lib/libopencv_stitching.so
Symlinking /home/cohrint/kimera-docker/catkin_ws/devel/lib/libopencv_ml.so.3.4.2
Symlinking /home/cohrint/kimera-docker/catkin_ws/devel/lib/libopencv_core.so.3.4.2
Symlinking /home/cohrint/kimera-docker/catkin_ws/devel/lib/libopencv_highgui.so.3.4
Symlinking /home/cohrint/kimera-docker/catkin_ws/devel/lib/libopencv_ml.so.3.4
Symlinking /home/cohrint/kimera-docker/catkin_ws/devel/lib/libopencv_calib3d.so
Symlinking /home/cohrint/kimera-docker/catkin_ws/devel/lib/libopencv_stitching.so.3.4
Symlinking /home/cohrint/kimera-docker/catkin_ws/devel/lib/libopencv_xfeatures2d.so
Symlinking /home/cohrint/kimera-docker/catkin_ws/devel/lib/libopencv_ml.so
Symlinking /home/cohrint/kimera-docker/catkin_ws/devel/lib/libopencv_photo.so
Symlinking /home/cohrint/kimera-docker/catkin_ws/devel/lib/libopencv_phase_unwrapping.so.3.4.2
Symlinking /home/cohrint/kimera-docker/catkin_ws/devel/lib/libopencv_highgui.so
Symlinking /home/cohrint/kimera-docker/catkin_ws/devel/lib/libopencv_rgbd.so.3.4.2
Symlinking /home/cohrint/kimera-docker/catkin_ws/devel/lib/libopencv_shape.so
Symlinking /home/cohrint/kimera-docker/catkin_ws/devel/lib/libopencv_videoio.so.3.4
Symlinking /home/cohrint/kimera-docker/catkin_ws/devel/lib/libopencv_line_descriptor.so.3.4.2
Symlinking /home/cohrint/kimera-docker/catkin_ws/devel/lib/libopencv_shape.so.3.4.2
Symlinking /home/cohrint/kimera-docker/catkin_ws/devel/lib/libopencv_rgbd.so.3.4
Symlinking /home/cohrint/kimera-docker/catkin_ws/devel/lib/libopencv_videoio.so.3.4.2
Symlinking /home/cohrint/kimera-docker/catkin_ws/devel/lib/libopencv_imgproc.so
Symlinking /home/cohrint/kimera-docker/catkin_ws/devel/lib/libopencv_viz.so.3.4
Symlinking /home/cohrint/kimera-docker/catkin_ws/devel/lib/libopencv_hfs.so.3.4.2
Symlinking /home/cohrint/kimera-docker/catkin_ws/devel/lib/libopencv_flann.so.3.4.2
Symlinking /home/cohrint/kimera-docker/catkin_ws/devel/lib/libopencv_objdetect.so
Symlinking /home/cohrint/kimera-docker/catkin_ws/devel/lib/libopencv_imgcodecs.so.3.4
Symlinking /home/cohrint/kimera-docker/catkin_ws/devel/lib/libopencv_imgproc.so.3.4.2
Symlinking /home/cohrint/kimera-docker/catkin_ws/devel/lib/libopencv_features2d.so.3.4
Symlinking /home/cohrint/kimera-docker/catkin_ws/devel/lib/libopencv_imgcodecs.so
Symlinking /home/cohrint/kimera-docker/catkin_ws/devel/lib/libopencv_videostab.so.3.4.2
Symlinking /home/cohrint/kimera-docker/catkin_ws/devel/lib/libopencv_ximgproc.so.3.4
Symlinking /home/cohrint/kimera-docker/catkin_ws/devel/lib/libopencv_videostab.so.3.4
Symlinking /home/cohrint/kimera-docker/catkin_ws/devel/lib/libopencv_hfs.so.3.4
Symlinking /home/cohrint/kimera-docker/catkin_ws/devel/lib/libopencv_stitching.so.3.4.2
Symlinking /home/cohrint/kimera-docker/catkin_ws/devel/lib/libopencv_objdetect.so.3.4.2
Symlinking /home/cohrint/kimera-docker/catkin_ws/devel/lib/libopencv_photo.so.3.4
Symlinking /home/cohrint/kimera-docker/catkin_ws/devel/lib/libopencv_saliency.so.3.4
Symlinking /home/cohrint/kimera-docker/catkin_ws/devel/lib/libopencv_line_descriptor.so
Symlinking /home/cohrint/kimera-docker/catkin_ws/devel/lib/libopencv_calib3d.so.3.4.2
Symlinking /home/cohrint/kimera-docker/catkin_ws/devel/lib/libopencv_viz.so.3.4.2
Symlinking /home/cohrint/kimera-docker/catkin_ws/devel/lib/libopencv_ximgproc.so.3.4.2
Symlinking /home/cohrint/kimera-docker/catkin_ws/devel/lib/libopencv_core.so.3.4
Symlinking /home/cohrint/kimera-docker/catkin_ws/devel/lib/libopencv_shape.so.3.4
Symlinking /home/cohrint/kimera-docker/catkin_ws/devel/lib/libopencv_img_hash.so
Symlinking /home/cohrint/kimera-docker/catkin_ws/devel/lib/libopencv_img_hash.so.3.4
Symlinking /home/cohrint/kimera-docker/catkin_ws/devel/lib/libopencv_flann.so
Symlinking /home/cohrint/kimera-docker/catkin_ws/devel/lib/libopencv_features2d.so.3.4.2
Symlinking /home/cohrint/kimera-docker/catkin_ws/devel/lib/libopencv_ximgproc.so
Symlinking /home/cohrint/kimera-docker/catkin_ws/devel/lib/libopencv_phase_unwrapping.so.3.4
Symlinking /home/cohrint/kimera-docker/catkin_ws/devel/lib/libopencv_imgproc.so.3.4
Symlinking /home/cohrint/kimera-docker/catkin_ws/devel/lib/libopencv_videostab.so
Symlinking /home/cohrint/kimera-docker/catkin_ws/devel/lib/pkgconfig/opencv.pc
Symlinking /home/cohrint/kimera-docker/catkin_ws/devel/lib/pkgconfig/opencv3_catkin.pc
Symlinking /home/cohrint/kimera-docker/catkin_ws/devel/lib/python3.8/dist-packages/cv2.cpython-38-x86_64-linux-gnu.so
