Symlinking /home/cohrint/kimera-docker/catkin_ws/devel/include/lio_sam/ChannelFilter.h
Symlinking /home/cohrint/kimera-docker/catkin_ws/devel/include/lio_sam/SLAMRequest.h
Symlinking /home/cohrint/kimera-docker/catkin_ws/devel/include/lio_sam/cloud_info.h
Symlinking /home/cohrint/kimera-docker/catkin_ws/devel/include/lio_sam/factors.h
Symlinking /home/cohrint/kimera-docker/catkin_ws/devel/share/gennodejs/ros/lio_sam/_index.js
Symlinking /home/cohrint/kimera-docker/catkin_ws/devel/share/gennodejs/ros/lio_sam/msg/_index.js
Symlinking /home/cohrint/kimera-docker/catkin_ws/devel/share/gennodejs/ros/lio_sam/msg/SLAMRequest.js
Symlinking /home/cohrint/kimera-docker/catkin_ws/devel/share/gennodejs/ros/lio_sam/msg/factors.js
Symlinking /home/cohrint/kimera-docker/catkin_ws/devel/share/gennodejs/ros/lio_sam/msg/cloud_info.js
Symlinking /home/cohrint/kimera-docker/catkin_ws/devel/share/gennodejs/ros/lio_sam/msg/ChannelFilter.js
Symlinking /home/cohrint/kimera-docker/catkin_ws/devel/share/common-lisp/ros/lio_sam/msg/_package_ChannelFilter.lisp
Symlinking /home/cohrint/kimera-docker/catkin_ws/devel/share/common-lisp/ros/lio_sam/msg/_package_SLAMRequest.lisp
Symlinking /home/cohrint/kimera-docker/catkin_ws/devel/share/common-lisp/ros/lio_sam/msg/lio_sam-msg.asd
Symlinking /home/cohrint/kimera-docker/catkin_ws/devel/share/common-lisp/ros/lio_sam/msg/_package.lisp
Symlinking /home/cohrint/kimera-docker/catkin_ws/devel/share/common-lisp/ros/lio_sam/msg/_package_cloud_info.lisp
Symlinking /home/cohrint/kimera-docker/catkin_ws/devel/share/common-lisp/ros/lio_sam/msg/factors.lisp
Symlinking /home/cohrint/kimera-docker/catkin_ws/devel/share/common-lisp/ros/lio_sam/msg/cloud_info.lisp
Symlinking /home/cohrint/kimera-docker/catkin_ws/devel/share/common-lisp/ros/lio_sam/msg/ChannelFilter.lisp
Symlinking /home/cohrint/kimera-docker/catkin_ws/devel/share/common-lisp/ros/lio_sam/msg/_package_factors.lisp
Symlinking /home/cohrint/kimera-docker/catkin_ws/devel/share/common-lisp/ros/lio_sam/msg/SLAMRequest.lisp
Symlinking /home/cohrint/kimera-docker/catkin_ws/devel/share/roseus/ros/lio_sam/manifest.l
Symlinking /home/cohrint/kimera-docker/catkin_ws/devel/share/roseus/ros/lio_sam/msg/ChannelFilter.l
Symlinking /home/cohrint/kimera-docker/catkin_ws/devel/share/roseus/ros/lio_sam/msg/factors.l
Symlinking /home/cohrint/kimera-docker/catkin_ws/devel/share/roseus/ros/lio_sam/msg/SLAMRequest.l
Symlinking /home/cohrint/kimera-docker/catkin_ws/devel/share/roseus/ros/lio_sam/msg/cloud_info.l
Symlinking /home/cohrint/kimera-docker/catkin_ws/devel/share/lio_sam/cmake/lio_sam-msg-paths.cmake
Symlinking /home/cohrint/kimera-docker/catkin_ws/devel/share/lio_sam/cmake/lio_samConfig.cmake
Symlinking /home/cohrint/kimera-docker/catkin_ws/devel/share/lio_sam/cmake/lio_samConfig-version.cmake
Symlinking /home/cohrint/kimera-docker/catkin_ws/devel/share/lio_sam/cmake/lio_sam-msg-extras.cmake
Symlinking /home/cohrint/kimera-docker/catkin_ws/devel/lib/pkgconfig/lio_sam.pc
Symlinking /home/cohrint/kimera-docker/catkin_ws/devel/lib/python3/dist-packages/lio_sam/__init__.py
Symlinking /home/cohrint/kimera-docker/catkin_ws/devel/lib/python3/dist-packages/lio_sam/msg/_ChannelFilter.py
Symlinking /home/cohrint/kimera-docker/catkin_ws/devel/lib/python3/dist-packages/lio_sam/msg/__init__.py
Symlinking /home/cohrint/kimera-docker/catkin_ws/devel/lib/python3/dist-packages/lio_sam/msg/_cloud_info.py
Symlinking /home/cohrint/kimera-docker/catkin_ws/devel/lib/python3/dist-packages/lio_sam/msg/_SLAMRequest.py
Symlinking /home/cohrint/kimera-docker/catkin_ws/devel/lib/python3/dist-packages/lio_sam/msg/_factors.py
