[  0%] Built target sensor_msgs_generate_messages_lisp
[  0%] Built target nav_msgs_generate_messages_lisp
[  0%] Built target std_msgs_generate_messages_lisp
[  0%] Built target geometry_msgs_generate_messages_lisp
[  0%] Built target nav_msgs_generate_messages_py
[  0%] Built target std_msgs_generate_messages_py
[  0%] Built target geometry_msgs_generate_messages_py
[  0%] Built target sensor_msgs_generate_messages_py
[  0%] Built target _lio_sam_generate_messages_check_deps_cloud_info
[  0%] Built target _lio_sam_generate_messages_check_deps_ChannelFilter
[  0%] Built target nav_msgs_generate_messages_eus
[  0%] Built target std_msgs_generate_messages_eus
[  0%] Built target _lio_sam_generate_messages_check_deps_SLAMRequest
[  0%] Built target sensor_msgs_generate_messages_eus
[  0%] Built target _lio_sam_generate_messages_check_deps_factors
[  0%] Built target geometry_msgs_generate_messages_eus
[  0%] Built target sensor_msgs_generate_messages_cpp
[  0%] Built target std_msgs_generate_messages_cpp
[  0%] Built target geometry_msgs_generate_messages_cpp
[  0%] Built target nav_msgs_generate_messages_cpp
[  0%] Built target sensor_msgs_generate_messages_nodejs
[  0%] Built target geometry_msgs_generate_messages_nodejs
[  0%] Built target nav_msgs_generate_messages_nodejs
[  0%] Built target std_msgs_generate_messages_nodejs
[ 18%] Built target lio_sam_generate_messages_lisp
[ 40%] Built target lio_sam_generate_messages_py
[ 59%] Built target lio_sam_generate_messages_cpp
[ 81%] Built target lio_sam_generate_messages_eus
[100%] Built target lio_sam_generate_messages_nodejs
[100%] Built target lio_sam_generate_messages
