[35m[1mScanning dependencies of target _lio_sam_generate_messages_check_deps_factors[0m
[35m[1mScanning dependencies of target _lio_sam_generate_messages_check_deps_SLAMRequest[0m
[35m[1mScanning dependencies of target std_msgs_generate_messages_lisp[0m
[35m[1mScanning dependencies of target _lio_sam_generate_messages_check_deps_ChannelFilter[0m
[35m[1mScanning dependencies of target nav_msgs_generate_messages_lisp[0m
[35m[1mScanning dependencies of target geometry_msgs_generate_messages_lisp[0m
[35m[1mScanning dependencies of target std_msgs_generate_messages_py[0m
[  0%] Built target std_msgs_generate_messages_lisp
[35m[1mScanning dependencies of target sensor_msgs_generate_messages_lisp[0m
[  0%] Built target nav_msgs_generate_messages_lisp
[  0%] Built target std_msgs_generate_messages_py
[  0%] Built target geometry_msgs_generate_messages_lisp
[35m[1mScanning dependencies of target _lio_sam_generate_messages_check_deps_cloud_info[0m
[  0%] Built target sensor_msgs_generate_messages_lisp
[35m[1mScanning dependencies of target geometry_msgs_generate_messages_py[0m
[35m[1mScanning dependencies of target nav_msgs_generate_messages_py[0m
[35m[1mScanning dependencies of target nav_msgs_generate_messages_eus[0m
[35m[1mScanning dependencies of target sensor_msgs_generate_messages_py[0m
[35m[1mScanning dependencies of target std_msgs_generate_messages_eus[0m
[35m[1mScanning dependencies of target sensor_msgs_generate_messages_eus[0m
[  0%] Built target _lio_sam_generate_messages_check_deps_SLAMRequest
[  0%] Built target _lio_sam_generate_messages_check_deps_factors
[  0%] Built target _lio_sam_generate_messages_check_deps_ChannelFilter
[  0%] Built target geometry_msgs_generate_messages_py
[  0%] Built target sensor_msgs_generate_messages_py
[  0%] Built target nav_msgs_generate_messages_eus
[  0%] Built target std_msgs_generate_messages_eus
[  0%] Built target sensor_msgs_generate_messages_eus
[35m[1mScanning dependencies of target geometry_msgs_generate_messages_eus[0m
[  0%] Built target nav_msgs_generate_messages_py
[35m[1mScanning dependencies of target geometry_msgs_generate_messages_cpp[0m
[35m[1mScanning dependencies of target sensor_msgs_generate_messages_nodejs[0m
[35m[1mScanning dependencies of target nav_msgs_generate_messages_cpp[0m
[35m[1mScanning dependencies of target std_msgs_generate_messages_cpp[0m
[35m[1mScanning dependencies of target sensor_msgs_generate_messages_cpp[0m
[35m[1mScanning dependencies of target geometry_msgs_generate_messages_nodejs[0m
[35m[1mScanning dependencies of target nav_msgs_generate_messages_nodejs[0m
[  0%] Built target std_msgs_generate_messages_cpp
[  0%] Built target geometry_msgs_generate_messages_eus
[  0%] Built target nav_msgs_generate_messages_cpp
[  0%] Built target _lio_sam_generate_messages_check_deps_cloud_info
[  0%] Built target sensor_msgs_generate_messages_nodejs
[  0%] Built target sensor_msgs_generate_messages_cpp
[  0%] Built target nav_msgs_generate_messages_nodejs
[35m[1mScanning dependencies of target std_msgs_generate_messages_nodejs[0m
[  0%] Built target geometry_msgs_generate_messages_cpp
[  0%] Built target geometry_msgs_generate_messages_nodejs
[35m[1mScanning dependencies of target lio_sam_generate_messages_py[0m
[35m[1mScanning dependencies of target lio_sam_generate_messages_lisp[0m
[35m[1mScanning dependencies of target lio_sam_generate_messages_cpp[0m
[35m[1mScanning dependencies of target lio_sam_generate_messages_eus[0m
[  0%] Built target std_msgs_generate_messages_nodejs
[  4%] [34m[1mGenerating Python from MSG lio_sam/cloud_info[0m
[ 13%] [34m[1mGenerating Python from MSG lio_sam/factors[0m
[ 13%] [34m[1mGenerating Lisp code from lio_sam/cloud_info.msg[0m
[ 18%] [34m[1mGenerating Lisp code from lio_sam/ChannelFilter.msg[0m
[ 22%] [34m[1mGenerating Python from MSG lio_sam/ChannelFilter[0m
[ 27%] [34m[1mGenerating Python from MSG lio_sam/SLAMRequest[0m
[ 31%] [34m[1mGenerating C++ code from lio_sam/factors.msg[0m
[ 36%] [34m[1mGenerating C++ code from lio_sam/cloud_info.msg[0m
[ 40%] [34m[1mGenerating Lisp code from lio_sam/factors.msg[0m
[ 45%] [34m[1mGenerating EusLisp code from lio_sam/cloud_info.msg[0m
[ 50%] [34m[1mGenerating Lisp code from lio_sam/SLAMRequest.msg[0m
[ 54%] [34m[1mGenerating EusLisp code from lio_sam/factors.msg[0m
[35m[1mScanning dependencies of target lio_sam_generate_messages_nodejs[0m
[ 59%] [34m[1mGenerating Javascript code from lio_sam/cloud_info.msg[0m
[ 63%] [34m[1mGenerating EusLisp code from lio_sam/ChannelFilter.msg[0m
[ 63%] Built target lio_sam_generate_messages_lisp
[ 68%] [34m[1mGenerating C++ code from lio_sam/ChannelFilter.msg[0m
[ 72%] [34m[1mGenerating Javascript code from lio_sam/factors.msg[0m
[ 77%] [34m[1mGenerating Javascript code from lio_sam/ChannelFilter.msg[0m
[ 81%] [34m[1mGenerating EusLisp code from lio_sam/SLAMRequest.msg[0m
[ 86%] [34m[1mGenerating C++ code from lio_sam/SLAMRequest.msg[0m
[ 90%] [34m[1mGenerating Javascript code from lio_sam/SLAMRequest.msg[0m
[ 95%] [34m[1mGenerating EusLisp manifest code for lio_sam[0m
[100%] [34m[1mGenerating Python msg __init__.py for lio_sam[0m
[100%] Built target lio_sam_generate_messages_nodejs
[100%] Built target lio_sam_generate_messages_cpp
[100%] Built target lio_sam_generate_messages_py
[100%] Built target lio_sam_generate_messages_eus
[35m[1mScanning dependencies of target lio_sam_generate_messages[0m
[100%] Built target lio_sam_generate_messages
