Linked: (/home/cohrint/kimera-docker/catkin_ws/devel/.private/lio_sam/include/lio_sam/ChannelFilter.h, /home/cohrint/kimera-docker/catkin_ws/devel/include/lio_sam/ChannelFilter.h)
Linked: (/home/cohrint/kimera-docker/catkin_ws/devel/.private/lio_sam/include/lio_sam/SLAMRequest.h, /home/cohrint/kimera-docker/catkin_ws/devel/include/lio_sam/SLAMRequest.h)
Linked: (/home/cohrint/kimera-docker/catkin_ws/devel/.private/lio_sam/include/lio_sam/cloud_info.h, /home/cohrint/kimera-docker/catkin_ws/devel/include/lio_sam/cloud_info.h)
Linked: (/home/cohrint/kimera-docker/catkin_ws/devel/.private/lio_sam/include/lio_sam/factors.h, /home/cohrint/kimera-docker/catkin_ws/devel/include/lio_sam/factors.h)
Linked: (/home/cohrint/kimera-docker/catkin_ws/devel/.private/lio_sam/share/gennodejs/ros/lio_sam/_index.js, /home/cohrint/kimera-docker/catkin_ws/devel/share/gennodejs/ros/lio_sam/_index.js)
Linked: (/home/cohrint/kimera-docker/catkin_ws/devel/.private/lio_sam/share/gennodejs/ros/lio_sam/msg/_index.js, /home/cohrint/kimera-docker/catkin_ws/devel/share/gennodejs/ros/lio_sam/msg/_index.js)
Linked: (/home/cohrint/kimera-docker/catkin_ws/devel/.private/lio_sam/share/gennodejs/ros/lio_sam/msg/SLAMRequest.js, /home/cohrint/kimera-docker/catkin_ws/devel/share/gennodejs/ros/lio_sam/msg/SLAMRequest.js)
Linked: (/home/cohrint/kimera-docker/catkin_ws/devel/.private/lio_sam/share/gennodejs/ros/lio_sam/msg/factors.js, /home/cohrint/kimera-docker/catkin_ws/devel/share/gennodejs/ros/lio_sam/msg/factors.js)
Linked: (/home/cohrint/kimera-docker/catkin_ws/devel/.private/lio_sam/share/gennodejs/ros/lio_sam/msg/cloud_info.js, /home/cohrint/kimera-docker/catkin_ws/devel/share/gennodejs/ros/lio_sam/msg/cloud_info.js)
Linked: (/home/cohrint/kimera-docker/catkin_ws/devel/.private/lio_sam/share/gennodejs/ros/lio_sam/msg/ChannelFilter.js, /home/cohrint/kimera-docker/catkin_ws/devel/share/gennodejs/ros/lio_sam/msg/ChannelFilter.js)
Linked: (/home/cohrint/kimera-docker/catkin_ws/devel/.private/lio_sam/share/common-lisp/ros/lio_sam/msg/_package_ChannelFilter.lisp, /home/cohrint/kimera-docker/catkin_ws/devel/share/common-lisp/ros/lio_sam/msg/_package_ChannelFilter.lisp)
Linked: (/home/cohrint/kimera-docker/catkin_ws/devel/.private/lio_sam/share/common-lisp/ros/lio_sam/msg/_package_SLAMRequest.lisp, /home/cohrint/kimera-docker/catkin_ws/devel/share/common-lisp/ros/lio_sam/msg/_package_SLAMRequest.lisp)
Linked: (/home/cohrint/kimera-docker/catkin_ws/devel/.private/lio_sam/share/common-lisp/ros/lio_sam/msg/lio_sam-msg.asd, /home/cohrint/kimera-docker/catkin_ws/devel/share/common-lisp/ros/lio_sam/msg/lio_sam-msg.asd)
Linked: (/home/cohrint/kimera-docker/catkin_ws/devel/.private/lio_sam/share/common-lisp/ros/lio_sam/msg/_package.lisp, /home/cohrint/kimera-docker/catkin_ws/devel/share/common-lisp/ros/lio_sam/msg/_package.lisp)
Linked: (/home/cohrint/kimera-docker/catkin_ws/devel/.private/lio_sam/share/common-lisp/ros/lio_sam/msg/_package_cloud_info.lisp, /home/cohrint/kimera-docker/catkin_ws/devel/share/common-lisp/ros/lio_sam/msg/_package_cloud_info.lisp)
Linked: (/home/cohrint/kimera-docker/catkin_ws/devel/.private/lio_sam/share/common-lisp/ros/lio_sam/msg/factors.lisp, /home/cohrint/kimera-docker/catkin_ws/devel/share/common-lisp/ros/lio_sam/msg/factors.lisp)
Linked: (/home/cohrint/kimera-docker/catkin_ws/devel/.private/lio_sam/share/common-lisp/ros/lio_sam/msg/cloud_info.lisp, /home/cohrint/kimera-docker/catkin_ws/devel/share/common-lisp/ros/lio_sam/msg/cloud_info.lisp)
Linked: (/home/cohrint/kimera-docker/catkin_ws/devel/.private/lio_sam/share/common-lisp/ros/lio_sam/msg/ChannelFilter.lisp, /home/cohrint/kimera-docker/catkin_ws/devel/share/common-lisp/ros/lio_sam/msg/ChannelFilter.lisp)
Linked: (/home/cohrint/kimera-docker/catkin_ws/devel/.private/lio_sam/share/common-lisp/ros/lio_sam/msg/_package_factors.lisp, /home/cohrint/kimera-docker/catkin_ws/devel/share/common-lisp/ros/lio_sam/msg/_package_factors.lisp)
Linked: (/home/cohrint/kimera-docker/catkin_ws/devel/.private/lio_sam/share/common-lisp/ros/lio_sam/msg/SLAMRequest.lisp, /home/cohrint/kimera-docker/catkin_ws/devel/share/common-lisp/ros/lio_sam/msg/SLAMRequest.lisp)
Linked: (/home/cohrint/kimera-docker/catkin_ws/devel/.private/lio_sam/share/roseus/ros/lio_sam/manifest.l, /home/cohrint/kimera-docker/catkin_ws/devel/share/roseus/ros/lio_sam/manifest.l)
Linked: (/home/cohrint/kimera-docker/catkin_ws/devel/.private/lio_sam/share/roseus/ros/lio_sam/msg/ChannelFilter.l, /home/cohrint/kimera-docker/catkin_ws/devel/share/roseus/ros/lio_sam/msg/ChannelFilter.l)
Linked: (/home/cohrint/kimera-docker/catkin_ws/devel/.private/lio_sam/share/roseus/ros/lio_sam/msg/factors.l, /home/cohrint/kimera-docker/catkin_ws/devel/share/roseus/ros/lio_sam/msg/factors.l)
Linked: (/home/cohrint/kimera-docker/catkin_ws/devel/.private/lio_sam/share/roseus/ros/lio_sam/msg/SLAMRequest.l, /home/cohrint/kimera-docker/catkin_ws/devel/share/roseus/ros/lio_sam/msg/SLAMRequest.l)
Linked: (/home/cohrint/kimera-docker/catkin_ws/devel/.private/lio_sam/share/roseus/ros/lio_sam/msg/cloud_info.l, /home/cohrint/kimera-docker/catkin_ws/devel/share/roseus/ros/lio_sam/msg/cloud_info.l)
Linked: (/home/cohrint/kimera-docker/catkin_ws/devel/.private/lio_sam/share/lio_sam/cmake/lio_sam-msg-paths.cmake, /home/cohrint/kimera-docker/catkin_ws/devel/share/lio_sam/cmake/lio_sam-msg-paths.cmake)
Linked: (/home/cohrint/kimera-docker/catkin_ws/devel/.private/lio_sam/share/lio_sam/cmake/lio_samConfig.cmake, /home/cohrint/kimera-docker/catkin_ws/devel/share/lio_sam/cmake/lio_samConfig.cmake)
Linked: (/home/cohrint/kimera-docker/catkin_ws/devel/.private/lio_sam/share/lio_sam/cmake/lio_samConfig-version.cmake, /home/cohrint/kimera-docker/catkin_ws/devel/share/lio_sam/cmake/lio_samConfig-version.cmake)
Linked: (/home/cohrint/kimera-docker/catkin_ws/devel/.private/lio_sam/share/lio_sam/cmake/lio_sam-msg-extras.cmake, /home/cohrint/kimera-docker/catkin_ws/devel/share/lio_sam/cmake/lio_sam-msg-extras.cmake)
Linked: (/home/cohrint/kimera-docker/catkin_ws/devel/.private/lio_sam/lib/pkgconfig/lio_sam.pc, /home/cohrint/kimera-docker/catkin_ws/devel/lib/pkgconfig/lio_sam.pc)
Linked: (/home/cohrint/kimera-docker/catkin_ws/devel/.private/lio_sam/lib/python3/dist-packages/lio_sam/__init__.py, /home/cohrint/kimera-docker/catkin_ws/devel/lib/python3/dist-packages/lio_sam/__init__.py)
Linked: (/home/cohrint/kimera-docker/catkin_ws/devel/.private/lio_sam/lib/python3/dist-packages/lio_sam/msg/_ChannelFilter.py, /home/cohrint/kimera-docker/catkin_ws/devel/lib/python3/dist-packages/lio_sam/msg/_ChannelFilter.py)
Linked: (/home/cohrint/kimera-docker/catkin_ws/devel/.private/lio_sam/lib/python3/dist-packages/lio_sam/msg/__init__.py, /home/cohrint/kimera-docker/catkin_ws/devel/lib/python3/dist-packages/lio_sam/msg/__init__.py)
Linked: (/home/cohrint/kimera-docker/catkin_ws/devel/.private/lio_sam/lib/python3/dist-packages/lio_sam/msg/_cloud_info.py, /home/cohrint/kimera-docker/catkin_ws/devel/lib/python3/dist-packages/lio_sam/msg/_cloud_info.py)
Linked: (/home/cohrint/kimera-docker/catkin_ws/devel/.private/lio_sam/lib/python3/dist-packages/lio_sam/msg/_SLAMRequest.py, /home/cohrint/kimera-docker/catkin_ws/devel/lib/python3/dist-packages/lio_sam/msg/_SLAMRequest.py)
Linked: (/home/cohrint/kimera-docker/catkin_ws/devel/.private/lio_sam/lib/python3/dist-packages/lio_sam/msg/_factors.py, /home/cohrint/kimera-docker/catkin_ws/devel/lib/python3/dist-packages/lio_sam/msg/_factors.py)
