[  0%] Built target actionlib_generate_messages_nodejs
[  0%] Built target sensor_msgs_generate_messages_nodejs
[  0%] Built target std_msgs_generate_messages_nodejs
[  0%] Built target std_msgs_generate_messages_py
[  0%] Built target rosgraph_msgs_generate_messages_nodejs
[  0%] Built target geometry_msgs_generate_messages_eus
[  0%] Built target std_msgs_generate_messages_cpp
[  0%] Built target tf2_msgs_generate_messages_cpp
[  0%] Built target actionlib_msgs_generate_messages_py
[  0%] Built target actionlib_generate_messages_cpp
[  0%] Built target tf_generate_messages_eus
[  0%] Built target rosgraph_msgs_generate_messages_lisp
[  0%] Built target actionlib_msgs_generate_messages_eus
[  0%] Built target roscpp_generate_messages_lisp
[  0%] Built target actionlib_generate_messages_lisp
[  0%] Built target actionlib_msgs_generate_messages_cpp
[  0%] Built target roscpp_generate_messages_py
[  0%] Built target std_msgs_generate_messages_lisp
[  0%] Built target rosgraph_msgs_generate_messages_py
[  0%] Built target actionlib_generate_messages_py
[  0%] Built target roscpp_generate_messages_cpp
[  0%] Built target rosgraph_msgs_generate_messages_eus
[  0%] Built target roscpp_generate_messages_eus
[  0%] Built target roscpp_generate_messages_nodejs
[  0%] Built target actionlib_generate_messages_eus
[  0%] Built target rosgraph_msgs_generate_messages_cpp
[  0%] Built target tf_generate_messages_py
[  0%] Built target actionlib_msgs_generate_messages_nodejs
[  0%] Built target std_msgs_generate_messages_eus
[  0%] Built target actionlib_msgs_generate_messages_lisp
[  0%] Built target geometry_msgs_generate_messages_cpp
[  0%] Built target tf2_msgs_generate_messages_py
[  0%] Built target visualization_msgs_generate_messages_eus
[  0%] Built target geometry_msgs_generate_messages_lisp
[  0%] Built target tf_generate_messages_cpp
[  0%] Built target geometry_msgs_generate_messages_nodejs
[  0%] Built target geometry_msgs_generate_messages_py
[  0%] Built target visualization_msgs_generate_messages_lisp
[  0%] Built target tf2_msgs_generate_messages_eus
[  0%] Built target sensor_msgs_generate_messages_py
[  0%] Built target tf2_msgs_generate_messages_lisp
[  0%] Built target tf2_msgs_generate_messages_nodejs
[  0%] Built target visualization_msgs_generate_messages_nodejs
[  0%] Built target visualization_msgs_generate_messages_py
[  0%] Built target sensor_msgs_generate_messages_cpp
[  0%] Built target tf_generate_messages_nodejs
[  0%] Built target visualization_msgs_generate_messages_cpp
[  0%] Built target tf_generate_messages_lisp
[  0%] Built target sensor_msgs_generate_messages_eus
[  0%] Built target sensor_msgs_generate_messages_lisp
[ 20%] [32mBuilding CXX object CMakeFiles/kimera_rviz_markers.dir/src/kimera_rviz_markers.cpp.o[0m
[01m[K/home/cohrint/kimera-docker/catkin_ws/src/kimera_rviz_markers/src/kimera_rviz_markers.cpp:[m[K In function ‘[01m[Kvisualization_msgs::Marker krm::makeMesh()[m[K’:
[01m[K/home/cohrint/kimera-docker/catkin_ws/src/kimera_rviz_markers/src/kimera_rviz_markers.cpp:99:1:[m[K [01;35m[Kwarning: [m[Kno return statement in function returning non-void [[01;35m[K-Wreturn-type[m[K]
   99 | [01;35m[K}[m[K
      | [01;35m[K^[m[K
[ 40%] [32m[1mLinking CXX shared library /home/cohrint/kimera-docker/catkin_ws/devel/.private/kimera_rviz_markers/lib/libkimera_rviz_markers.so[0m
[ 60%] Built target kimera_rviz_markers
[35m[1mScanning dependencies of target kimera_rviz_markers_node[0m
[ 80%] [32mBuilding CXX object CMakeFiles/kimera_rviz_markers_node.dir/src/kimera_rviz_markers.cpp.o[0m
[01m[K/home/cohrint/kimera-docker/catkin_ws/src/kimera_rviz_markers/src/kimera_rviz_markers.cpp:[m[K In function ‘[01m[Kvisualization_msgs::Marker krm::makeMesh()[m[K’:
[01m[K/home/cohrint/kimera-docker/catkin_ws/src/kimera_rviz_markers/src/kimera_rviz_markers.cpp:99:1:[m[K [01;35m[Kwarning: [m[Kno return statement in function returning non-void [[01;35m[K-Wreturn-type[m[K]
   99 | [01;35m[K}[m[K
      | [01;35m[K^[m[K
[100%] [32m[1mLinking CXX executable /home/cohrint/kimera-docker/catkin_ws/devel/.private/kimera_rviz_markers/lib/kimera_rviz_markers/kimera_rviz_markers_node[0m
[100%] Built target kimera_rviz_markers_node
